{"E:\\TRAE_Projects\\WebProjects\\Progra3\\TrabajoPractico\\MainApp\\AppMedicos\\back\\src\\app.controller.ts": {"path":"E:\\TRAE_Projects\\WebProjects\\Progra3\\TrabajoPractico\\MainApp\\AppMedicos\\back\\src\\app.controller.ts","statementMap":{"0":{"start":{"line":1,"column":0},"end":{"line":1,"column":49}},"1":{"start":{"line":2,"column":0},"end":{"line":2,"column":43}},"2":{"start":{"line":5,"column":7},"end":{"line":12,"column":null}},"3":{"start":{"line":6,"column":31},"end":{"line":6,"column":43}},"4":{"start":{"line":10,"column":4},"end":{"line":10,"column":38}},"5":{"start":{"line":5,"column":13},"end":{"line":5,"column":26}},"6":{"start":{"line":9,"column":2},"end":{"line":11,"column":null}},"7":{"start":{"line":5,"column":13},"end":{"line":12,"column":null}}},"fnMap":{"0":{"name":"(anonymous_2)","decl":{"start":{"line":6,"column":2},"end":{"line":6,"column":31}},"loc":{"start":{"line":6,"column":53},"end":{"line":6,"column":57}}},"1":{"name":"(anonymous_3)","decl":{"start":{"line":9,"column":2},"end":{"line":9,"column":10}},"loc":{"start":{"line":9,"column":10},"end":{"line":11,"column":3}}}},"branchMap":{},"s":{"0":1,"1":1,"2":1,"3":1,"4":1,"5":1,"6":1,"7":1},"f":{"0":1,"1":1},"b":{}}
,"E:\\TRAE_Projects\\WebProjects\\Progra3\\TrabajoPractico\\MainApp\\AppMedicos\\back\\src\\app.service.ts": {"path":"E:\\TRAE_Projects\\WebProjects\\Progra3\\TrabajoPractico\\MainApp\\AppMedicos\\back\\src\\app.service.ts","statementMap":{"0":{"start":{"line":1,"column":0},"end":{"line":1,"column":44}},"1":{"start":{"line":4,"column":7},"end":{"line":8,"column":null}},"2":{"start":{"line":6,"column":4},"end":{"line":6,"column":26}},"3":{"start":{"line":4,"column":13},"end":{"line":4,"column":23}},"4":{"start":{"line":4,"column":13},"end":{"line":8,"column":null}}},"fnMap":{"0":{"name":"(anonymous_1)","decl":{"start":{"line":5,"column":2},"end":{"line":5,"column":10}},"loc":{"start":{"line":5,"column":10},"end":{"line":7,"column":3}}}},"branchMap":{},"s":{"0":1,"1":1,"2":1,"3":1,"4":1},"f":{"0":1},"b":{}}
,"E:\\TRAE_Projects\\WebProjects\\Progra3\\TrabajoPractico\\MainApp\\AppMedicos\\back\\src\\appointment-statuses\\appointment-status.controller.ts": {"path":"E:\\TRAE_Projects\\WebProjects\\Progra3\\TrabajoPractico\\MainApp\\AppMedicos\\back\\src\\appointment-statuses\\appointment-status.controller.ts","statementMap":{"0":{"start":{"line":1,"column":0},"end":{"line":1,"column":null}},"1":{"start":{"line":10,"column":2},"end":{"line":10,"column":74}},"2":{"start":{"line":11,"column":2},"end":{"line":11,"column":57}},"3":{"start":{"line":12,"column":2},"end":{"line":12,"column":63}},"4":{"start":{"line":13,"column":2},"end":{"line":13,"column":56}},"5":{"start":{"line":18,"column":9},"end":{"line":35,"column":null}},"6":{"start":{"line":19,"column":33},"end":{"line":19,"column":48}},"7":{"start":{"line":23,"column":6},"end":{"line":23,"column":49}},"8":{"start":{"line":28,"column":6},"end":{"line":28,"column":57}},"9":{"start":{"line":33,"column":6},"end":{"line":33,"column":57}},"10":{"start":{"line":18,"column":15},"end":{"line":18,"column":42}},"11":{"start":{"line":22,"column":10},"end":{"line":24,"column":null}},"12":{"start":{"line":27,"column":10},"end":{"line":29,"column":null}},"13":{"start":{"line":32,"column":10},"end":{"line":34,"column":null}},"14":{"start":{"line":18,"column":15},"end":{"line":35,"column":null}}},"fnMap":{"0":{"name":"(anonymous_4)","decl":{"start":{"line":19,"column":4},"end":{"line":19,"column":33}},"loc":{"start":{"line":19,"column":72},"end":{"line":19,"column":76}}},"1":{"name":"(anonymous_5)","decl":{"start":{"line":22,"column":4},"end":{"line":22,"column":9}},"loc":{"start":{"line":22,"column":24},"end":{"line":24,"column":5}}},"2":{"name":"(anonymous_6)","decl":{"start":{"line":27,"column":4},"end":{"line":27,"column":9}},"loc":{"start":{"line":27,"column":75},"end":{"line":29,"column":5}}},"3":{"name":"(anonymous_7)","decl":{"start":{"line":32,"column":4},"end":{"line":32,"column":9}},"loc":{"start":{"line":32,"column":46},"end":{"line":34,"column":5}}}},"branchMap":{},"s":{"0":1,"1":1,"2":1,"3":1,"4":1,"5":1,"6":3,"7":1,"8":1,"9":1,"10":1,"11":1,"12":1,"13":1,"14":1},"f":{"0":3,"1":1,"2":1,"3":1},"b":{}}
,"E:\\TRAE_Projects\\WebProjects\\Progra3\\TrabajoPractico\\MainApp\\AppMedicos\\back\\src\\appointment-statuses\\appointment-status.service.ts": {"path":"E:\\TRAE_Projects\\WebProjects\\Progra3\\TrabajoPractico\\MainApp\\AppMedicos\\back\\src\\appointment-statuses\\appointment-status.service.ts","statementMap":{"0":{"start":{"line":1,"column":0},"end":{"line":1,"column":44}},"1":{"start":{"line":2,"column":0},"end":{"line":2,"column":51}},"2":{"start":{"line":3,"column":0},"end":{"line":3,"column":37}},"3":{"start":{"line":4,"column":0},"end":{"line":4,"column":72}},"4":{"start":{"line":7,"column":7},"end":{"line":27,"column":null}},"5":{"start":{"line":10,"column":12},"end":{"line":10,"column":41}},"6":{"start":{"line":14,"column":4},"end":{"line":14,"column":78}},"7":{"start":{"line":18,"column":4},"end":{"line":18,"column":78}},"8":{"start":{"line":22,"column":19},"end":{"line":22,"column":70}},"9":{"start":{"line":23,"column":4},"end":{"line":23,"column":57}},"10":{"start":{"line":7,"column":13},"end":{"line":7,"column":37}},"11":{"start":{"line":7,"column":13},"end":{"line":27,"column":null}}},"fnMap":{"0":{"name":"(anonymous_4)","decl":{"start":{"line":8,"column":2},"end":{"line":8,"column":null}},"loc":{"start":{"line":10,"column":70},"end":{"line":11,"column":6}}},"1":{"name":"(anonymous_5)","decl":{"start":{"line":13,"column":2},"end":{"line":13,"column":7}},"loc":{"start":{"line":13,"column":22},"end":{"line":15,"column":3}}},"2":{"name":"(anonymous_6)","decl":{"start":{"line":17,"column":2},"end":{"line":17,"column":7}},"loc":{"start":{"line":17,"column":39},"end":{"line":19,"column":3}}},"3":{"name":"(anonymous_7)","decl":{"start":{"line":21,"column":2},"end":{"line":21,"column":7}},"loc":{"start":{"line":21,"column":36},"end":{"line":24,"column":3}}}},"branchMap":{},"s":{"0":2,"1":2,"2":2,"3":2,"4":2,"5":4,"6":1,"7":2,"8":1,"9":1,"10":2,"11":2},"f":{"0":4,"1":1,"2":2,"3":1},"b":{}}
,"E:\\TRAE_Projects\\WebProjects\\Progra3\\TrabajoPractico\\MainApp\\AppMedicos\\back\\src\\appointments\\appointments.controller.ts": {"path":"E:\\TRAE_Projects\\WebProjects\\Progra3\\TrabajoPractico\\MainApp\\AppMedicos\\back\\src\\appointments\\appointments.controller.ts","statementMap":{"0":{"start":{"line":1,"column":0},"end":{"line":1,"column":null}},"1":{"start":{"line":12,"column":2},"end":{"line":12,"column":63}},"2":{"start":{"line":13,"column":2},"end":{"line":13,"column":63}},"3":{"start":{"line":14,"column":0},"end":{"line":14,"column":55}},"4":{"start":{"line":15,"column":0},"end":{"line":15,"column":54}},"5":{"start":{"line":19,"column":7},"end":{"line":71,"column":null}},"6":{"start":{"line":20,"column":31},"end":{"line":20,"column":52}},"7":{"start":{"line":24,"column":4},"end":{"line":24,"column":57}},"8":{"start":{"line":29,"column":4},"end":{"line":29,"column":59}},"9":{"start":{"line":34,"column":4},"end":{"line":34,"column":71}},"10":{"start":{"line":42,"column":4},"end":{"line":42,"column":75}},"11":{"start":{"line":47,"column":4},"end":{"line":47,"column":62}},"12":{"start":{"line":52,"column":4},"end":{"line":52,"column":64}},"13":{"start":{"line":58,"column":4},"end":{"line":58,"column":58}},"14":{"start":{"line":63,"column":4},"end":{"line":63,"column":71}},"15":{"start":{"line":68,"column":4},"end":{"line":68,"column":64}},"16":{"start":{"line":19,"column":13},"end":{"line":19,"column":35}},"17":{"start":{"line":23,"column":8},"end":{"line":25,"column":null}},"18":{"start":{"line":28,"column":8},"end":{"line":30,"column":null}},"19":{"start":{"line":33,"column":8},"end":{"line":35,"column":null}},"20":{"start":{"line":38,"column":8},"end":{"line":43,"column":null}},"21":{"start":{"line":46,"column":8},"end":{"line":48,"column":null}},"22":{"start":{"line":51,"column":8},"end":{"line":53,"column":null}},"23":{"start":{"line":57,"column":8},"end":{"line":59,"column":null}},"24":{"start":{"line":62,"column":8},"end":{"line":64,"column":null}},"25":{"start":{"line":67,"column":8},"end":{"line":69,"column":null}},"26":{"start":{"line":19,"column":13},"end":{"line":71,"column":null}}},"fnMap":{"0":{"name":"(anonymous_4)","decl":{"start":{"line":20,"column":2},"end":{"line":20,"column":31}},"loc":{"start":{"line":20,"column":71},"end":{"line":20,"column":75}}},"1":{"name":"(anonymous_5)","decl":{"start":{"line":23,"column":2},"end":{"line":23,"column":7}},"loc":{"start":{"line":23,"column":26},"end":{"line":25,"column":3}}},"2":{"name":"(anonymous_6)","decl":{"start":{"line":28,"column":2},"end":{"line":28,"column":7}},"loc":{"start":{"line":28,"column":64},"end":{"line":30,"column":3}}},"3":{"name":"(anonymous_7)","decl":{"start":{"line":33,"column":2},"end":{"line":33,"column":7}},"loc":{"start":{"line":33,"column":54},"end":{"line":35,"column":3}}},"4":{"name":"(anonymous_8)","decl":{"start":{"line":38,"column":2},"end":{"line":38,"column":7}},"loc":{"start":{"line":40,"column":37},"end":{"line":43,"column":3}}},"5":{"name":"(anonymous_9)","decl":{"start":{"line":46,"column":2},"end":{"line":46,"column":7}},"loc":{"start":{"line":46,"column":85},"end":{"line":48,"column":3}}},"6":{"name":"(anonymous_10)","decl":{"start":{"line":51,"column":2},"end":{"line":51,"column":7}},"loc":{"start":{"line":51,"column":88},"end":{"line":53,"column":3}}},"7":{"name":"(anonymous_11)","decl":{"start":{"line":57,"column":2},"end":{"line":57,"column":7}},"loc":{"start":{"line":57,"column":63},"end":{"line":59,"column":3}}},"8":{"name":"(anonymous_12)","decl":{"start":{"line":62,"column":2},"end":{"line":62,"column":7}},"loc":{"start":{"line":62,"column":57},"end":{"line":64,"column":3}}},"9":{"name":"(anonymous_13)","decl":{"start":{"line":67,"column":2},"end":{"line":67,"column":7}},"loc":{"start":{"line":67,"column":55},"end":{"line":69,"column":3}}}},"branchMap":{},"s":{"0":1,"1":1,"2":1,"3":1,"4":1,"5":1,"6":7,"7":1,"8":1,"9":1,"10":1,"11":1,"12":1,"13":1,"14":0,"15":0,"16":1,"17":1,"18":1,"19":1,"20":1,"21":1,"22":1,"23":1,"24":1,"25":1,"26":1},"f":{"0":7,"1":1,"2":1,"3":1,"4":1,"5":1,"6":1,"7":1,"8":0,"9":0},"b":{}}
,"E:\\TRAE_Projects\\WebProjects\\Progra3\\TrabajoPractico\\MainApp\\AppMedicos\\back\\src\\appointments\\appointments.service.ts": {"path":"E:\\TRAE_Projects\\WebProjects\\Progra3\\TrabajoPractico\\MainApp\\AppMedicos\\back\\src\\appointments\\appointments.service.ts","statementMap":{"0":{"start":{"line":1,"column":0},"end":{"line":1,"column":84}},"1":{"start":{"line":2,"column":0},"end":{"line":2,"column":51}},"2":{"start":{"line":3,"column":0},"end":{"line":3,"column":37}},"3":{"start":{"line":4,"column":0},"end":{"line":4,"column":59}},"4":{"start":{"line":6,"column":0},"end":{"line":6,"column":64}},"5":{"start":{"line":7,"column":0},"end":{"line":7,"column":34}},"6":{"start":{"line":8,"column":0},"end":{"line":8,"column":63}},"7":{"start":{"line":10,"column":7},"end":{"line":187,"column":null}},"8":{"start":{"line":13,"column":12},"end":{"line":13,"column":35}},"9":{"start":{"line":15,"column":12},"end":{"line":15,"column":32}},"10":{"start":{"line":16,"column":12},"end":{"line":16,"column":29}},"11":{"start":{"line":20,"column":4},"end":{"line":32,"column":5}},"12":{"start":{"line":21,"column":6},"end":{"line":29,"column":null}},"13":{"start":{"line":31,"column":6},"end":{"line":31,"column":68}},"14":{"start":{"line":36,"column":4},"end":{"line":51,"column":5}},"15":{"start":{"line":37,"column":26},"end":{"line":44,"column":25}},"16":{"start":{"line":45,"column":6},"end":{"line":47,"column":7}},"17":{"start":{"line":46,"column":8},"end":{"line":46,"column":72}},"18":{"start":{"line":48,"column":6},"end":{"line":48,"column":25}},"19":{"start":{"line":50,"column":6},"end":{"line":50,"column":64}},"20":{"start":{"line":55,"column":4},"end":{"line":73,"column":5}},"21":{"start":{"line":56,"column":19},"end":{"line":56,"column":105}},"22":{"start":{"line":58,"column":6},"end":{"line":60,"column":7}},"23":{"start":{"line":59,"column":8},"end":{"line":59,"column":80}},"24":{"start":{"line":63,"column":26},"end":{"line":68,"column":8}},"25":{"start":{"line":70,"column":6},"end":{"line":70,"column":64}},"26":{"start":{"line":72,"column":6},"end":{"line":72,"column":64}},"27":{"start":{"line":77,"column":4},"end":{"line":82,"column":5}},"28":{"start":{"line":78,"column":6},"end":{"line":78,"column":76}},"29":{"start":{"line":79,"column":6},"end":{"line":79,"column":41}},"30":{"start":{"line":81,"column":6},"end":{"line":81,"column":80}},"31":{"start":{"line":86,"column":4},"end":{"line":102,"column":5}},"32":{"start":{"line":87,"column":6},"end":{"line":99,"column":9}},"33":{"start":{"line":101,"column":6},"end":{"line":101,"column":79}},"34":{"start":{"line":106,"column":4},"end":{"line":122,"column":5}},"35":{"start":{"line":107,"column":6},"end":{"line":119,"column":9}},"36":{"start":{"line":121,"column":6},"end":{"line":121,"column":81}},"37":{"start":{"line":126,"column":4},"end":{"line":135,"column":5}},"38":{"start":{"line":127,"column":26},"end":{"line":127,"column":85}},"39":{"start":{"line":128,"column":6},"end":{"line":130,"column":7}},"40":{"start":{"line":129,"column":8},"end":{"line":129,"column":71}},"41":{"start":{"line":131,"column":6},"end":{"line":131,"column":59}},"42":{"start":{"line":132,"column":6},"end":{"line":132,"column":45}},"43":{"start":{"line":134,"column":6},"end":{"line":134,"column":67}},"44":{"start":{"line":139,"column":4},"end":{"line":156,"column":5}},"45":{"start":{"line":140,"column":27},"end":{"line":152,"column":8}},"46":{"start":{"line":153,"column":6},"end":{"line":153,"column":26}},"47":{"start":{"line":155,"column":6},"end":{"line":155,"column":91}},"48":{"start":{"line":160,"column":4},"end":{"line":185,"column":5}},"49":{"start":{"line":161,"column":20},"end":{"line":161,"column":92}},"50":{"start":{"line":162,"column":20},"end":{"line":162,"column":35}},"51":{"start":{"line":163,"column":6},"end":{"line":163,"column":33}},"52":{"start":{"line":164,"column":18},"end":{"line":164,"column":33}},"53":{"start":{"line":165,"column":6},"end":{"line":165,"column":36}},"54":{"start":{"line":167,"column":27},"end":{"line":181,"column":8}},"55":{"start":{"line":182,"column":6},"end":{"line":182,"column":26}},"56":{"start":{"line":184,"column":6},"end":{"line":184,"column":78}},"57":{"start":{"line":10,"column":13},"end":{"line":10,"column":32}},"58":{"start":{"line":10,"column":13},"end":{"line":187,"column":null}}},"fnMap":{"0":{"name":"(anonymous_4)","decl":{"start":{"line":11,"column":2},"end":{"line":11,"column":null}},"loc":{"start":{"line":16,"column":44},"end":{"line":17,"column":6}}},"1":{"name":"(anonymous_5)","decl":{"start":{"line":19,"column":2},"end":{"line":19,"column":7}},"loc":{"start":{"line":19,"column":26},"end":{"line":33,"column":3}}},"2":{"name":"(anonymous_6)","decl":{"start":{"line":35,"column":2},"end":{"line":35,"column":7}},"loc":{"start":{"line":35,"column":37},"end":{"line":52,"column":3}}},"3":{"name":"(anonymous_7)","decl":{"start":{"line":54,"column":2},"end":{"line":54,"column":7}},"loc":{"start":{"line":54,"column":51},"end":{"line":74,"column":3}}},"4":{"name":"(anonymous_8)","decl":{"start":{"line":76,"column":2},"end":{"line":76,"column":7}},"loc":{"start":{"line":76,"column":61},"end":{"line":83,"column":3}}},"5":{"name":"(anonymous_9)","decl":{"start":{"line":85,"column":2},"end":{"line":85,"column":7}},"loc":{"start":{"line":85,"column":43},"end":{"line":103,"column":3}}},"6":{"name":"(anonymous_10)","decl":{"start":{"line":105,"column":2},"end":{"line":105,"column":7}},"loc":{"start":{"line":105,"column":45},"end":{"line":123,"column":3}}},"7":{"name":"(anonymous_11)","decl":{"start":{"line":125,"column":2},"end":{"line":125,"column":7}},"loc":{"start":{"line":125,"column":36},"end":{"line":136,"column":3}}},"8":{"name":"(anonymous_12)","decl":{"start":{"line":138,"column":2},"end":{"line":138,"column":7}},"loc":{"start":{"line":138,"column":49},"end":{"line":157,"column":3}}},"9":{"name":"(anonymous_13)","decl":{"start":{"line":159,"column":2},"end":{"line":159,"column":7}},"loc":{"start":{"line":159,"column":40},"end":{"line":186,"column":3}}}},"branchMap":{"0":{"loc":{"start":{"line":45,"column":6},"end":{"line":47,"column":7}},"type":"if","locations":[{"start":{"line":45,"column":6},"end":{"line":47,"column":7}}]},"1":{"loc":{"start":{"line":58,"column":6},"end":{"line":60,"column":7}},"type":"if","locations":[{"start":{"line":58,"column":6},"end":{"line":60,"column":7}}]},"2":{"loc":{"start":{"line":128,"column":6},"end":{"line":130,"column":7}},"type":"if","locations":[{"start":{"line":128,"column":6},"end":{"line":130,"column":7}}]},"3":{"loc":{"start":{"line":161,"column":20},"end":{"line":161,"column":92}},"type":"cond-expr","locations":[{"start":{"line":161,"column":47},"end":{"line":161,"column":75}},{"start":{"line":161,"column":78},"end":{"line":161,"column":92}}]}},"s":{"0":2,"1":2,"2":2,"3":2,"4":2,"5":2,"6":2,"7":2,"8":10,"9":10,"10":10,"11":1,"12":1,"13":0,"14":1,"15":1,"16":1,"17":0,"18":1,"19":0,"20":1,"21":1,"22":1,"23":0,"24":1,"25":1,"26":0,"27":1,"28":1,"29":1,"30":0,"31":1,"32":1,"33":0,"34":1,"35":1,"36":0,"37":1,"38":1,"39":1,"40":0,"41":1,"42":1,"43":0,"44":1,"45":1,"46":1,"47":0,"48":2,"49":2,"50":2,"51":2,"52":2,"53":2,"54":2,"55":2,"56":0,"57":2,"58":2},"f":{"0":10,"1":1,"2":1,"3":1,"4":1,"5":1,"6":1,"7":1,"8":1,"9":2},"b":{"0":[0],"1":[0],"2":[0],"3":[0,2]}}
,"E:\\TRAE_Projects\\WebProjects\\Progra3\\TrabajoPractico\\MainApp\\AppMedicos\\back\\src\\auth\\auth.controller.ts": {"path":"E:\\TRAE_Projects\\WebProjects\\Progra3\\TrabajoPractico\\MainApp\\AppMedicos\\back\\src\\auth\\auth.controller.ts","statementMap":{"0":{"start":{"line":1,"column":0},"end":{"line":1,"column":81}},"1":{"start":{"line":2,"column":0},"end":{"line":2,"column":45}},"2":{"start":{"line":3,"column":0},"end":{"line":3,"column":52}},"3":{"start":{"line":4,"column":0},"end":{"line":4,"column":58}},"4":{"start":{"line":5,"column":0},"end":{"line":5,"column":55}},"5":{"start":{"line":8,"column":7},"end":{"line":26,"column":null}},"6":{"start":{"line":9,"column":22},"end":{"line":9,"column":35}},"7":{"start":{"line":13,"column":4},"end":{"line":13,"column":50}},"8":{"start":{"line":18,"column":4},"end":{"line":18,"column":44}},"9":{"start":{"line":24,"column":4},"end":{"line":24,"column":20}},"10":{"start":{"line":8,"column":13},"end":{"line":8,"column":27}},"11":{"start":{"line":12,"column":2},"end":{"line":14,"column":null}},"12":{"start":{"line":17,"column":2},"end":{"line":19,"column":null}},"13":{"start":{"line":23,"column":2},"end":{"line":25,"column":null}},"14":{"start":{"line":8,"column":13},"end":{"line":26,"column":null}}},"fnMap":{"0":{"name":"(anonymous_4)","decl":{"start":{"line":9,"column":2},"end":{"line":9,"column":22}},"loc":{"start":{"line":9,"column":46},"end":{"line":9,"column":50}}},"1":{"name":"(anonymous_5)","decl":{"start":{"line":12,"column":2},"end":{"line":12,"column":10}},"loc":{"start":{"line":12,"column":47},"end":{"line":14,"column":3}}},"2":{"name":"(anonymous_6)","decl":{"start":{"line":17,"column":2},"end":{"line":17,"column":7}},"loc":{"start":{"line":17,"column":38},"end":{"line":19,"column":3}}},"3":{"name":"(anonymous_7)","decl":{"start":{"line":23,"column":2},"end":{"line":23,"column":12}},"loc":{"start":{"line":23,"column":27},"end":{"line":25,"column":3}}}},"branchMap":{},"s":{"0":1,"1":1,"2":1,"3":1,"4":1,"5":1,"6":3,"7":1,"8":1,"9":1,"10":1,"11":1,"12":1,"13":1,"14":1},"f":{"0":3,"1":1,"2":1,"3":1},"b":{}}
,"E:\\TRAE_Projects\\WebProjects\\Progra3\\TrabajoPractico\\MainApp\\AppMedicos\\back\\src\\auth\\auth.service.ts": {"path":"E:\\TRAE_Projects\\WebProjects\\Progra3\\TrabajoPractico\\MainApp\\AppMedicos\\back\\src\\auth\\auth.service.ts","statementMap":{"0":{"start":{"line":1,"column":0},"end":{"line":1,"column":107}},"1":{"start":{"line":2,"column":0},"end":{"line":2,"column":41}},"2":{"start":{"line":3,"column":0},"end":{"line":3,"column":52}},"3":{"start":{"line":5,"column":0},"end":{"line":5,"column":33}},"4":{"start":{"line":7,"column":0},"end":{"line":7,"column":65}},"5":{"start":{"line":8,"column":0},"end":{"line":8,"column":51}},"6":{"start":{"line":9,"column":0},"end":{"line":9,"column":37}},"7":{"start":{"line":13,"column":7},"end":{"line":77,"column":null}},"8":{"start":{"line":16,"column":53},"end":{"line":16,"column":73}},"9":{"start":{"line":17,"column":16},"end":{"line":17,"column":30}},"10":{"start":{"line":18,"column":16},"end":{"line":18,"column":28}},"11":{"start":{"line":22,"column":21},"end":{"line":22,"column":58}},"12":{"start":{"line":23,"column":27},"end":{"line":23,"column":78}},"13":{"start":{"line":23,"column":45},"end":{"line":23,"column":77}},"14":{"start":{"line":25,"column":8},"end":{"line":27,"column":9}},"15":{"start":{"line":26,"column":16},"end":{"line":26,"column":68}},"16":{"start":{"line":28,"column":31},"end":{"line":28,"column":74}},"17":{"start":{"line":30,"column":25},"end":{"line":32,"column":10}},"18":{"start":{"line":33,"column":8},"end":{"line":35,"column":9}},"19":{"start":{"line":34,"column":12},"end":{"line":34,"column":70}},"20":{"start":{"line":37,"column":24},"end":{"line":41,"column":10}},"21":{"start":{"line":43,"column":24},"end":{"line":43,"column":90}},"22":{"start":{"line":44,"column":8},"end":{"line":53,"column":null}},"23":{"start":{"line":57,"column":21},"end":{"line":57,"column":80}},"24":{"start":{"line":58,"column":8},"end":{"line":60,"column":9}},"25":{"start":{"line":59,"column":12},"end":{"line":59,"column":70}},"26":{"start":{"line":61,"column":32},"end":{"line":61,"column":86}},"27":{"start":{"line":62,"column":8},"end":{"line":64,"column":9}},"28":{"start":{"line":63,"column":12},"end":{"line":63,"column":70}},"29":{"start":{"line":65,"column":24},"end":{"line":65,"column":81}},"30":{"start":{"line":66,"column":8},"end":{"line":75,"column":null}},"31":{"start":{"line":13,"column":13},"end":{"line":13,"column":24}},"32":{"start":{"line":13,"column":13},"end":{"line":77,"column":null}}},"fnMap":{"0":{"name":"(anonymous_4)","decl":{"start":{"line":15,"column":4},"end":{"line":15,"column":null}},"loc":{"start":{"line":18,"column":38},"end":{"line":19,"column":7}}},"1":{"name":"(anonymous_5)","decl":{"start":{"line":21,"column":4},"end":{"line":21,"column":9}},"loc":{"start":{"line":21,"column":47},"end":{"line":54,"column":5}}},"2":{"name":"(anonymous_6)","decl":{"start":{"line":23,"column":37},"end":{"line":23,"column":41}},"loc":{"start":{"line":23,"column":45},"end":{"line":23,"column":77}}},"3":{"name":"(anonymous_7)","decl":{"start":{"line":56,"column":4},"end":{"line":56,"column":9}},"loc":{"start":{"line":56,"column":38},"end":{"line":76,"column":5}}}},"branchMap":{"0":{"loc":{"start":{"line":25,"column":8},"end":{"line":27,"column":9}},"type":"if","locations":[{"start":{"line":25,"column":8},"end":{"line":27,"column":9}}]},"1":{"loc":{"start":{"line":33,"column":8},"end":{"line":35,"column":9}},"type":"if","locations":[{"start":{"line":33,"column":8},"end":{"line":35,"column":9}}]},"2":{"loc":{"start":{"line":58,"column":8},"end":{"line":60,"column":9}},"type":"if","locations":[{"start":{"line":58,"column":8},"end":{"line":60,"column":9}}]},"3":{"loc":{"start":{"line":62,"column":8},"end":{"line":64,"column":9}},"type":"if","locations":[{"start":{"line":62,"column":8},"end":{"line":64,"column":9}}]}},"s":{"0":2,"1":2,"2":2,"3":2,"4":2,"5":2,"6":2,"7":2,"8":6,"9":6,"10":6,"11":3,"12":3,"13":1,"14":3,"15":1,"16":2,"17":2,"18":2,"19":1,"20":1,"21":1,"22":1,"23":3,"24":3,"25":1,"26":2,"27":2,"28":1,"29":1,"30":1,"31":2,"32":2},"f":{"0":6,"1":3,"2":1,"3":3},"b":{"0":[1],"1":[1],"2":[1],"3":[1]}}
,"E:\\TRAE_Projects\\WebProjects\\Progra3\\TrabajoPractico\\MainApp\\AppMedicos\\back\\src\\auth\\jwt.strategy.ts": {"path":"E:\\TRAE_Projects\\WebProjects\\Progra3\\TrabajoPractico\\MainApp\\AppMedicos\\back\\src\\auth\\jwt.strategy.ts","statementMap":{"0":{"start":{"line":1,"column":0},"end":{"line":1,"column":44}},"1":{"start":{"line":2,"column":0},"end":{"line":2,"column":52}},"2":{"start":{"line":3,"column":0},"end":{"line":3,"column":52}},"3":{"start":{"line":6,"column":7},"end":{"line":22,"column":null}},"4":{"start":{"line":8,"column":4},"end":{"line":12,"column":7}},"5":{"start":{"line":16,"column":4},"end":{"line":20,"column":6}},"6":{"start":{"line":6,"column":13},"end":{"line":6,"column":24}},"7":{"start":{"line":6,"column":13},"end":{"line":22,"column":null}}},"fnMap":{"0":{"name":"(anonymous_2)","decl":{"start":{"line":7,"column":2},"end":{"line":7,"column":null}},"loc":{"start":{"line":7,"column":2},"end":{"line":13,"column":3}}},"1":{"name":"(anonymous_3)","decl":{"start":{"line":15,"column":2},"end":{"line":15,"column":7}},"loc":{"start":{"line":15,"column":29},"end":{"line":21,"column":3}}}},"branchMap":{},"s":{"0":0,"1":0,"2":0,"3":0,"4":0,"5":0,"6":0,"7":0},"f":{"0":0,"1":0},"b":{}}
,"E:\\TRAE_Projects\\WebProjects\\Progra3\\TrabajoPractico\\MainApp\\AppMedicos\\back\\src\\calendar\\calendar.controller.ts": {"path":"E:\\TRAE_Projects\\WebProjects\\Progra3\\TrabajoPractico\\MainApp\\AppMedicos\\back\\src\\calendar\\calendar.controller.ts","statementMap":{"0":{"start":{"line":1,"column":0},"end":{"line":1,"column":87}},"1":{"start":{"line":2,"column":0},"end":{"line":2,"column":53}},"2":{"start":{"line":4,"column":0},"end":{"line":4,"column":61}},"3":{"start":{"line":8,"column":7},"end":{"line":32,"column":null}},"4":{"start":{"line":9,"column":33},"end":{"line":9,"column":50}},"5":{"start":{"line":13,"column":8},"end":{"line":13,"column":52}},"6":{"start":{"line":18,"column":8},"end":{"line":18,"column":47}},"7":{"start":{"line":23,"column":6},"end":{"line":23,"column":73}},"8":{"start":{"line":28,"column":6},"end":{"line":28,"column":75}},"9":{"start":{"line":8,"column":13},"end":{"line":8,"column":31}},"10":{"start":{"line":12,"column":10},"end":{"line":14,"column":null}},"11":{"start":{"line":17,"column":10},"end":{"line":19,"column":null}},"12":{"start":{"line":22,"column":10},"end":{"line":24,"column":null}},"13":{"start":{"line":27,"column":10},"end":{"line":29,"column":null}},"14":{"start":{"line":8,"column":13},"end":{"line":32,"column":null}}},"fnMap":{"0":{"name":"(anonymous_4)","decl":{"start":{"line":9,"column":4},"end":{"line":9,"column":33}},"loc":{"start":{"line":9,"column":65},"end":{"line":9,"column":69}}},"1":{"name":"(anonymous_5)","decl":{"start":{"line":12,"column":4},"end":{"line":12,"column":9}},"loc":{"start":{"line":12,"column":23},"end":{"line":14,"column":5}}},"2":{"name":"(anonymous_6)","decl":{"start":{"line":17,"column":4},"end":{"line":17,"column":9}},"loc":{"start":{"line":17,"column":18},"end":{"line":19,"column":5}}},"3":{"name":"(anonymous_7)","decl":{"start":{"line":22,"column":4},"end":{"line":22,"column":9}},"loc":{"start":{"line":22,"column":89},"end":{"line":24,"column":5}}},"4":{"name":"(anonymous_8)","decl":{"start":{"line":27,"column":4},"end":{"line":27,"column":9}},"loc":{"start":{"line":27,"column":91},"end":{"line":29,"column":5}}}},"branchMap":{},"s":{"0":1,"1":1,"2":1,"3":1,"4":4,"5":1,"6":1,"7":1,"8":1,"9":1,"10":1,"11":1,"12":1,"13":1,"14":1},"f":{"0":4,"1":1,"2":1,"3":1,"4":1},"b":{}}
,"E:\\TRAE_Projects\\WebProjects\\Progra3\\TrabajoPractico\\MainApp\\AppMedicos\\back\\src\\calendar\\calendar.service.ts": {"path":"E:\\TRAE_Projects\\WebProjects\\Progra3\\TrabajoPractico\\MainApp\\AppMedicos\\back\\src\\calendar\\calendar.service.ts","statementMap":{"0":{"start":{"line":3,"column":0},"end":{"line":3,"column":63}},"1":{"start":{"line":4,"column":0},"end":{"line":4,"column":51}},"2":{"start":{"line":5,"column":0},"end":{"line":5,"column":53}},"3":{"start":{"line":6,"column":0},"end":{"line":6,"column":37}},"4":{"start":{"line":7,"column":0},"end":{"line":7,"column":71}},"5":{"start":{"line":8,"column":0},"end":{"line":8,"column":73}},"6":{"start":{"line":9,"column":0},"end":{"line":9,"column":58}},"7":{"start":{"line":12,"column":7},"end":{"line":108,"column":null}},"8":{"start":{"line":15,"column":21},"end":{"line":15,"column":37}},"9":{"start":{"line":17,"column":21},"end":{"line":17,"column":34}},"10":{"start":{"line":19,"column":21},"end":{"line":19,"column":39}},"11":{"start":{"line":23,"column":22},"end":{"line":23,"column":32}},"12":{"start":{"line":24,"column":20},"end":{"line":24,"column":30}},"13":{"start":{"line":25,"column":4},"end":{"line":25,"column":45}},"14":{"start":{"line":27,"column":22},"end":{"line":27,"column":24}},"15":{"start":{"line":28,"column":20},"end":{"line":28,"column":22}},"16":{"start":{"line":29,"column":28},"end":{"line":29,"column":30}},"17":{"start":{"line":31,"column":26},"end":{"line":31,"column":28}},"18":{"start":{"line":33,"column":4},"end":{"line":54,"column":5}},"19":{"start":{"line":34,"column":14},"end":{"line":34,"column":33}},"20":{"start":{"line":38,"column":6},"end":{"line":38,"column":33}},"21":{"start":{"line":38,"column":24},"end":{"line":38,"column":33}},"22":{"start":{"line":40,"column":6},"end":{"line":53,"column":7}},"23":{"start":{"line":41,"column":19},"end":{"line":41,"column":28}},"24":{"start":{"line":45,"column":8},"end":{"line":52,"column":9}},"25":{"start":{"line":45,"column":26},"end":{"line":45,"column":27}},"26":{"start":{"line":46,"column":23},"end":{"line":46,"column":34}},"27":{"start":{"line":47,"column":10},"end":{"line":47,"column":44}},"28":{"start":{"line":49,"column":10},"end":{"line":51,"column":11}},"29":{"start":{"line":50,"column":12},"end":{"line":50,"column":39}},"30":{"start":{"line":56,"column":25},"end":{"line":60,"column":6}},"31":{"start":{"line":57,"column":19},"end":{"line":57,"column":33}},"32":{"start":{"line":58,"column":6},"end":{"line":58,"column":36}},"33":{"start":{"line":59,"column":6},"end":{"line":59,"column":18}},"34":{"start":{"line":62,"column":4},"end":{"line":62,"column":70}},"35":{"start":{"line":66,"column":4},"end":{"line":66,"column":67}},"36":{"start":{"line":70,"column":4},"end":{"line":76,"column":17}},"37":{"start":{"line":80,"column":25},"end":{"line":80,"column":74}},"38":{"start":{"line":81,"column":28},"end":{"line":81,"column":74}},"39":{"start":{"line":81,"column":50},"end":{"line":81,"column":73}},"40":{"start":{"line":83,"column":19},"end":{"line":83,"column":92}},"41":{"start":{"line":84,"column":4},"end":{"line":84,"column":65}},"42":{"start":{"line":84,"column":17},"end":{"line":84,"column":65}},"43":{"start":{"line":86,"column":23},"end":{"line":86,"column":41}},"44":{"start":{"line":87,"column":21},"end":{"line":87,"column":37}},"45":{"start":{"line":88,"column":18},"end":{"line":88,"column":68}},"46":{"start":{"line":90,"column":15},"end":{"line":92,"column":62}},"47":{"start":{"line":94,"column":4},"end":{"line":103,"column":5}},"48":{"start":{"line":95,"column":6},"end":{"line":97,"column":9}},"49":{"start":{"line":99,"column":6},"end":{"line":102,"column":8}},"50":{"start":{"line":104,"column":4},"end":{"line":104,"column":24}},"51":{"start":{"line":12,"column":13},"end":{"line":12,"column":28}},"52":{"start":{"line":12,"column":13},"end":{"line":108,"column":null}}},"fnMap":{"0":{"name":"(anonymous_4)","decl":{"start":{"line":13,"column":2},"end":{"line":13,"column":null}},"loc":{"start":{"line":19,"column":57},"end":{"line":20,"column":6}}},"1":{"name":"(anonymous_5)","decl":{"start":{"line":22,"column":2},"end":{"line":22,"column":7}},"loc":{"start":{"line":22,"column":21},"end":{"line":63,"column":3}}},"2":{"name":"(anonymous_6)","decl":{"start":{"line":56,"column":35},"end":{"line":56,"column":36}},"loc":{"start":{"line":56,"column":48},"end":{"line":60,"column":5}}},"3":{"name":"(anonymous_7)","decl":{"start":{"line":65,"column":2},"end":{"line":65,"column":7}},"loc":{"start":{"line":65,"column":16},"end":{"line":67,"column":3}}},"4":{"name":"(anonymous_8)","decl":{"start":{"line":69,"column":2},"end":{"line":69,"column":7}},"loc":{"start":{"line":69,"column":53},"end":{"line":77,"column":3}}},"5":{"name":"(anonymous_9)","decl":{"start":{"line":79,"column":2},"end":{"line":79,"column":7}},"loc":{"start":{"line":79,"column":55},"end":{"line":105,"column":3}}},"6":{"name":"(anonymous_10)","decl":{"start":{"line":81,"column":45},"end":{"line":81,"column":46}},"loc":{"start":{"line":81,"column":50},"end":{"line":81,"column":73}}}},"branchMap":{"0":{"loc":{"start":{"line":38,"column":6},"end":{"line":38,"column":33}},"type":"if","locations":[{"start":{"line":38,"column":6},"end":{"line":38,"column":33}}]},"1":{"loc":{"start":{"line":49,"column":10},"end":{"line":51,"column":11}},"type":"if","locations":[{"start":{"line":49,"column":10},"end":{"line":51,"column":11}}]},"2":{"loc":{"start":{"line":49,"column":14},"end":{"line":49,"column":50}},"type":"binary-expr","locations":[{"start":{"line":49,"column":14},"end":{"line":49,"column":31}},{"start":{"line":49,"column":35},"end":{"line":49,"column":50}}]},"3":{"loc":{"start":{"line":84,"column":4},"end":{"line":84,"column":65}},"type":"if","locations":[{"start":{"line":84,"column":4},"end":{"line":84,"column":65}}]},"4":{"loc":{"start":{"line":88,"column":18},"end":{"line":88,"column":68}},"type":"cond-expr","locations":[{"start":{"line":88,"column":47},"end":{"line":88,"column":62}},{"start":{"line":88,"column":65},"end":{"line":88,"column":68}}]},"5":{"loc":{"start":{"line":94,"column":4},"end":{"line":103,"column":5}},"type":"if","locations":[{"start":{"line":94,"column":4},"end":{"line":103,"column":5}},{"start":{"line":98,"column":11},"end":{"line":103,"column":5}}]}},"s":{"0":4,"1":4,"2":4,"3":4,"4":4,"5":4,"6":4,"7":4,"8":6,"9":6,"10":6,"11":1,"12":1,"13":1,"14":1,"15":1,"16":1,"17":1,"18":1,"19":1,"20":92,"21":0,"22":92,"23":92,"24":920,"25":920,"26":1840,"27":1840,"28":1840,"29":1840,"30":1,"31":1840,"32":1840,"33":1840,"34":1,"35":1,"36":2,"37":2,"38":2,"39":2,"40":2,"41":2,"42":1,"43":1,"44":1,"45":1,"46":1,"47":1,"48":1,"49":0,"50":1,"51":4,"52":4},"f":{"0":6,"1":1,"2":1840,"3":1,"4":2,"5":2,"6":2},"b":{"0":[0],"1":[1840],"2":[1840,1840],"3":[1],"4":[1,0],"5":[1,0]}}
,"E:\\TRAE_Projects\\WebProjects\\Progra3\\TrabajoPractico\\MainApp\\AppMedicos\\back\\src\\doctors\\doctors.controller.ts": {"path":"E:\\TRAE_Projects\\WebProjects\\Progra3\\TrabajoPractico\\MainApp\\AppMedicos\\back\\src\\doctors\\doctors.controller.ts","statementMap":{"0":{"start":{"line":1,"column":0},"end":{"line":1,"column":null}},"1":{"start":{"line":12,"column":2},"end":{"line":12,"column":53}},"2":{"start":{"line":13,"column":2},"end":{"line":13,"column":63}},"3":{"start":{"line":14,"column":2},"end":{"line":14,"column":57}},"4":{"start":{"line":15,"column":2},"end":{"line":15,"column":56}},"5":{"start":{"line":19,"column":9},"end":{"line":64,"column":null}},"6":{"start":{"line":20,"column":33},"end":{"line":20,"column":48}},"7":{"start":{"line":24,"column":6},"end":{"line":24,"column":48}},"8":{"start":{"line":29,"column":6},"end":{"line":29,"column":55}},"9":{"start":{"line":35,"column":6},"end":{"line":35,"column":57}},"10":{"start":{"line":43,"column":6},"end":{"line":43,"column":66}},"11":{"start":{"line":51,"column":6},"end":{"line":51,"column":54}},"12":{"start":{"line":56,"column":6},"end":{"line":56,"column":65}},"13":{"start":{"line":61,"column":6},"end":{"line":61,"column":56}},"14":{"start":{"line":19,"column":15},"end":{"line":19,"column":32}},"15":{"start":{"line":23,"column":10},"end":{"line":25,"column":null}},"16":{"start":{"line":28,"column":10},"end":{"line":30,"column":null}},"17":{"start":{"line":34,"column":10},"end":{"line":36,"column":null}},"18":{"start":{"line":39,"column":10},"end":{"line":44,"column":null}},"19":{"start":{"line":48,"column":10},"end":{"line":52,"column":null}},"20":{"start":{"line":55,"column":10},"end":{"line":57,"column":null}},"21":{"start":{"line":60,"column":10},"end":{"line":62,"column":null}},"22":{"start":{"line":19,"column":15},"end":{"line":64,"column":null}}},"fnMap":{"0":{"name":"(anonymous_4)","decl":{"start":{"line":20,"column":4},"end":{"line":20,"column":33}},"loc":{"start":{"line":20,"column":62},"end":{"line":20,"column":66}}},"1":{"name":"(anonymous_5)","decl":{"start":{"line":23,"column":4},"end":{"line":23,"column":9}},"loc":{"start":{"line":23,"column":23},"end":{"line":25,"column":5}}},"2":{"name":"(anonymous_6)","decl":{"start":{"line":28,"column":4},"end":{"line":28,"column":9}},"loc":{"start":{"line":28,"column":71},"end":{"line":30,"column":5}}},"3":{"name":"(anonymous_7)","decl":{"start":{"line":34,"column":4},"end":{"line":34,"column":9}},"loc":{"start":{"line":34,"column":46},"end":{"line":36,"column":5}}},"4":{"name":"(anonymous_8)","decl":{"start":{"line":39,"column":4},"end":{"line":39,"column":9}},"loc":{"start":{"line":41,"column":29},"end":{"line":44,"column":5}}},"5":{"name":"(anonymous_9)","decl":{"start":{"line":48,"column":4},"end":{"line":48,"column":9}},"loc":{"start":{"line":49,"column":53},"end":{"line":52,"column":5}}},"6":{"name":"(anonymous_10)","decl":{"start":{"line":55,"column":4},"end":{"line":55,"column":9}},"loc":{"start":{"line":55,"column":69},"end":{"line":57,"column":5}}},"7":{"name":"(anonymous_11)","decl":{"start":{"line":60,"column":4},"end":{"line":60,"column":9}},"loc":{"start":{"line":60,"column":58},"end":{"line":62,"column":5}}}},"branchMap":{},"s":{"0":1,"1":1,"2":1,"3":1,"4":1,"5":1,"6":5,"7":1,"8":1,"9":1,"10":1,"11":1,"12":0,"13":0,"14":1,"15":1,"16":1,"17":1,"18":1,"19":1,"20":1,"21":1,"22":1},"f":{"0":5,"1":1,"2":1,"3":1,"4":1,"5":1,"6":0,"7":0},"b":{}}
,"E:\\TRAE_Projects\\WebProjects\\Progra3\\TrabajoPractico\\MainApp\\AppMedicos\\back\\src\\doctors\\doctors.service.ts": {"path":"E:\\TRAE_Projects\\WebProjects\\Progra3\\TrabajoPractico\\MainApp\\AppMedicos\\back\\src\\doctors\\doctors.service.ts","statementMap":{"0":{"start":{"line":1,"column":0},"end":{"line":1,"column":63}},"1":{"start":{"line":2,"column":0},"end":{"line":2,"column":51}},"2":{"start":{"line":3,"column":0},"end":{"line":3,"column":37}},"3":{"start":{"line":4,"column":0},"end":{"line":4,"column":49}},"4":{"start":{"line":5,"column":0},"end":{"line":5,"column":73}},"5":{"start":{"line":8,"column":7},"end":{"line":92,"column":null}},"6":{"start":{"line":11,"column":12},"end":{"line":11,"column":30}},"7":{"start":{"line":13,"column":12},"end":{"line":13,"column":35}},"8":{"start":{"line":17,"column":4},"end":{"line":21,"column":5}},"9":{"start":{"line":18,"column":6},"end":{"line":18,"column":98}},"10":{"start":{"line":20,"column":6},"end":{"line":20,"column":72}},"11":{"start":{"line":25,"column":4},"end":{"line":32,"column":5}},"12":{"start":{"line":26,"column":6},"end":{"line":29,"column":9}},"13":{"start":{"line":31,"column":6},"end":{"line":31,"column":70}},"14":{"start":{"line":36,"column":4},"end":{"line":41,"column":5}},"15":{"start":{"line":37,"column":21},"end":{"line":37,"column":61}},"16":{"start":{"line":38,"column":6},"end":{"line":38,"column":54}},"17":{"start":{"line":40,"column":6},"end":{"line":40,"column":68}},"18":{"start":{"line":45,"column":4},"end":{"line":52,"column":5}},"19":{"start":{"line":46,"column":21},"end":{"line":46,"column":80}},"20":{"start":{"line":47,"column":6},"end":{"line":47,"column":91}},"21":{"start":{"line":47,"column":19},"end":{"line":47,"column":91}},"22":{"start":{"line":48,"column":6},"end":{"line":48,"column":40}},"23":{"start":{"line":49,"column":6},"end":{"line":49,"column":54}},"24":{"start":{"line":51,"column":6},"end":{"line":51,"column":73}},"25":{"start":{"line":56,"column":4},"end":{"line":65,"column":5}},"26":{"start":{"line":57,"column":6},"end":{"line":57,"column":70}},"27":{"start":{"line":58,"column":21},"end":{"line":58,"column":68}},"28":{"start":{"line":59,"column":6},"end":{"line":61,"column":7}},"29":{"start":{"line":60,"column":8},"end":{"line":60,"column":80}},"30":{"start":{"line":62,"column":6},"end":{"line":62,"column":81}},"31":{"start":{"line":64,"column":6},"end":{"line":64,"column":71}},"32":{"start":{"line":69,"column":4},"end":{"line":76,"column":5}},"33":{"start":{"line":70,"column":6},"end":{"line":73,"column":9}},"34":{"start":{"line":75,"column":6},"end":{"line":75,"column":85}},"35":{"start":{"line":80,"column":4},"end":{"line":87,"column":5}},"36":{"start":{"line":81,"column":6},"end":{"line":84,"column":9}},"37":{"start":{"line":86,"column":6},"end":{"line":86,"column":79}},"38":{"start":{"line":8,"column":13},"end":{"line":8,"column":27}},"39":{"start":{"line":8,"column":13},"end":{"line":92,"column":null}}},"fnMap":{"0":{"name":"(anonymous_4)","decl":{"start":{"line":9,"column":2},"end":{"line":9,"column":null}},"loc":{"start":{"line":13,"column":58},"end":{"line":14,"column":6}}},"1":{"name":"(anonymous_5)","decl":{"start":{"line":16,"column":2},"end":{"line":16,"column":7}},"loc":{"start":{"line":16,"column":21},"end":{"line":22,"column":3}}},"2":{"name":"(anonymous_6)","decl":{"start":{"line":24,"column":2},"end":{"line":24,"column":7}},"loc":{"start":{"line":24,"column":37},"end":{"line":33,"column":3}}},"3":{"name":"(anonymous_7)","decl":{"start":{"line":35,"column":2},"end":{"line":35,"column":7}},"loc":{"start":{"line":35,"column":36},"end":{"line":42,"column":3}}},"4":{"name":"(anonymous_8)","decl":{"start":{"line":44,"column":2},"end":{"line":44,"column":7}},"loc":{"start":{"line":44,"column":65},"end":{"line":53,"column":3}}},"5":{"name":"(anonymous_9)","decl":{"start":{"line":55,"column":2},"end":{"line":55,"column":7}},"loc":{"start":{"line":55,"column":36},"end":{"line":66,"column":3}}},"6":{"name":"(anonymous_10)","decl":{"start":{"line":68,"column":2},"end":{"line":68,"column":7}},"loc":{"start":{"line":68,"column":47},"end":{"line":77,"column":3}}},"7":{"name":"(anonymous_11)","decl":{"start":{"line":79,"column":2},"end":{"line":79,"column":7}},"loc":{"start":{"line":79,"column":36},"end":{"line":88,"column":3}}}},"branchMap":{"0":{"loc":{"start":{"line":47,"column":6},"end":{"line":47,"column":91}},"type":"if","locations":[{"start":{"line":47,"column":6},"end":{"line":47,"column":91}}]},"1":{"loc":{"start":{"line":59,"column":6},"end":{"line":61,"column":7}},"type":"if","locations":[{"start":{"line":59,"column":6},"end":{"line":61,"column":7}}]}},"s":{"0":6,"1":6,"2":6,"3":6,"4":6,"5":6,"6":6,"7":6,"8":1,"9":1,"10":0,"11":1,"12":1,"13":0,"14":1,"15":1,"16":1,"17":0,"18":1,"19":1,"20":1,"21":0,"22":1,"23":1,"24":0,"25":1,"26":1,"27":1,"28":1,"29":0,"30":1,"31":0,"32":0,"33":0,"34":0,"35":0,"36":0,"37":0,"38":6,"39":6},"f":{"0":6,"1":1,"2":1,"3":1,"4":1,"5":1,"6":0,"7":0},"b":{"0":[0],"1":[0]}}
,"E:\\TRAE_Projects\\WebProjects\\Progra3\\TrabajoPractico\\MainApp\\AppMedicos\\back\\src\\patients\\patients.controller.ts": {"path":"E:\\TRAE_Projects\\WebProjects\\Progra3\\TrabajoPractico\\MainApp\\AppMedicos\\back\\src\\patients\\patients.controller.ts","statementMap":{"0":{"start":{"line":1,"column":0},"end":{"line":1,"column":null}},"1":{"start":{"line":12,"column":2},"end":{"line":12,"column":54}},"2":{"start":{"line":13,"column":2},"end":{"line":13,"column":63}},"3":{"start":{"line":14,"column":2},"end":{"line":14,"column":57}},"4":{"start":{"line":15,"column":2},"end":{"line":15,"column":56}},"5":{"start":{"line":19,"column":9},"end":{"line":57,"column":null}},"6":{"start":{"line":20,"column":33},"end":{"line":20,"column":49}},"7":{"start":{"line":24,"column":6},"end":{"line":24,"column":50}},"8":{"start":{"line":29,"column":6},"end":{"line":29,"column":57}},"9":{"start":{"line":34,"column":6},"end":{"line":34,"column":60}},"10":{"start":{"line":42,"column":6},"end":{"line":42,"column":68}},"11":{"start":{"line":49,"column":6},"end":{"line":49,"column":56}},"12":{"start":{"line":54,"column":6},"end":{"line":54,"column":58}},"13":{"start":{"line":19,"column":15},"end":{"line":19,"column":32}},"14":{"start":{"line":23,"column":10},"end":{"line":25,"column":null}},"15":{"start":{"line":28,"column":10},"end":{"line":30,"column":null}},"16":{"start":{"line":33,"column":10},"end":{"line":35,"column":null}},"17":{"start":{"line":38,"column":10},"end":{"line":43,"column":null}},"18":{"start":{"line":48,"column":10},"end":{"line":50,"column":null}},"19":{"start":{"line":53,"column":10},"end":{"line":55,"column":null}},"20":{"start":{"line":19,"column":15},"end":{"line":57,"column":null}}},"fnMap":{"0":{"name":"(anonymous_4)","decl":{"start":{"line":20,"column":4},"end":{"line":20,"column":33}},"loc":{"start":{"line":20,"column":63},"end":{"line":20,"column":67}}},"1":{"name":"(anonymous_5)","decl":{"start":{"line":23,"column":4},"end":{"line":23,"column":9}},"loc":{"start":{"line":23,"column":24},"end":{"line":25,"column":5}}},"2":{"name":"(anonymous_6)","decl":{"start":{"line":28,"column":4},"end":{"line":28,"column":9}},"loc":{"start":{"line":28,"column":72},"end":{"line":30,"column":5}}},"3":{"name":"(anonymous_7)","decl":{"start":{"line":33,"column":4},"end":{"line":33,"column":9}},"loc":{"start":{"line":33,"column":48},"end":{"line":35,"column":5}}},"4":{"name":"(anonymous_8)","decl":{"start":{"line":38,"column":4},"end":{"line":38,"column":9}},"loc":{"start":{"line":40,"column":27},"end":{"line":43,"column":5}}},"5":{"name":"(anonymous_9)","decl":{"start":{"line":48,"column":4},"end":{"line":48,"column":9}},"loc":{"start":{"line":48,"column":71},"end":{"line":50,"column":5}}},"6":{"name":"(anonymous_10)","decl":{"start":{"line":53,"column":4},"end":{"line":53,"column":9}},"loc":{"start":{"line":53,"column":59},"end":{"line":55,"column":5}}}},"branchMap":{},"s":{"0":1,"1":1,"2":1,"3":1,"4":1,"5":1,"6":5,"7":1,"8":1,"9":1,"10":1,"11":1,"12":0,"13":1,"14":1,"15":1,"16":1,"17":1,"18":1,"19":1,"20":1},"f":{"0":5,"1":1,"2":1,"3":1,"4":1,"5":1,"6":0},"b":{}}
,"E:\\TRAE_Projects\\WebProjects\\Progra3\\TrabajoPractico\\MainApp\\AppMedicos\\back\\src\\patients\\patients.service.ts": {"path":"E:\\TRAE_Projects\\WebProjects\\Progra3\\TrabajoPractico\\MainApp\\AppMedicos\\back\\src\\patients\\patients.service.ts","statementMap":{"0":{"start":{"line":1,"column":0},"end":{"line":1,"column":63}},"1":{"start":{"line":2,"column":0},"end":{"line":2,"column":51}},"2":{"start":{"line":3,"column":0},"end":{"line":3,"column":37}},"3":{"start":{"line":4,"column":0},"end":{"line":4,"column":51}},"4":{"start":{"line":5,"column":0},"end":{"line":5,"column":73}},"5":{"start":{"line":8,"column":7},"end":{"line":85,"column":null}},"6":{"start":{"line":11,"column":12},"end":{"line":11,"column":31}},"7":{"start":{"line":13,"column":12},"end":{"line":13,"column":35}},"8":{"start":{"line":17,"column":4},"end":{"line":21,"column":5}},"9":{"start":{"line":18,"column":6},"end":{"line":18,"column":93}},"10":{"start":{"line":20,"column":6},"end":{"line":20,"column":71}},"11":{"start":{"line":25,"column":4},"end":{"line":32,"column":5}},"12":{"start":{"line":26,"column":6},"end":{"line":29,"column":9}},"13":{"start":{"line":31,"column":6},"end":{"line":31,"column":94}},"14":{"start":{"line":36,"column":4},"end":{"line":41,"column":5}},"15":{"start":{"line":37,"column":22},"end":{"line":37,"column":64}},"16":{"start":{"line":38,"column":6},"end":{"line":38,"column":50}},"17":{"start":{"line":40,"column":6},"end":{"line":40,"column":68}},"18":{"start":{"line":45,"column":4},"end":{"line":54,"column":5}},"19":{"start":{"line":46,"column":22},"end":{"line":46,"column":82}},"20":{"start":{"line":47,"column":6},"end":{"line":49,"column":7}},"21":{"start":{"line":48,"column":8},"end":{"line":48,"column":81}},"22":{"start":{"line":50,"column":6},"end":{"line":50,"column":41}},"23":{"start":{"line":51,"column":6},"end":{"line":51,"column":50}},"24":{"start":{"line":53,"column":6},"end":{"line":53,"column":92}},"25":{"start":{"line":58,"column":4},"end":{"line":68,"column":5}},"26":{"start":{"line":59,"column":22},"end":{"line":59,"column":82}},"27":{"start":{"line":60,"column":6},"end":{"line":62,"column":7}},"28":{"start":{"line":61,"column":8},"end":{"line":61,"column":81}},"29":{"start":{"line":63,"column":6},"end":{"line":63,"column":72}},"30":{"start":{"line":64,"column":6},"end":{"line":64,"column":55}},"31":{"start":{"line":65,"column":6},"end":{"line":65,"column":82}},"32":{"start":{"line":67,"column":6},"end":{"line":67,"column":92}},"33":{"start":{"line":72,"column":4},"end":{"line":83,"column":5}},"34":{"start":{"line":73,"column":23},"end":{"line":79,"column":8}},"35":{"start":{"line":80,"column":6},"end":{"line":80,"column":22}},"36":{"start":{"line":82,"column":6},"end":{"line":82,"column":87}},"37":{"start":{"line":8,"column":13},"end":{"line":8,"column":27}},"38":{"start":{"line":8,"column":13},"end":{"line":85,"column":null}}},"fnMap":{"0":{"name":"(anonymous_4)","decl":{"start":{"line":9,"column":2},"end":{"line":9,"column":null}},"loc":{"start":{"line":13,"column":58},"end":{"line":14,"column":6}}},"1":{"name":"(anonymous_5)","decl":{"start":{"line":16,"column":2},"end":{"line":16,"column":7}},"loc":{"start":{"line":16,"column":22},"end":{"line":22,"column":3}}},"2":{"name":"(anonymous_6)","decl":{"start":{"line":24,"column":2},"end":{"line":24,"column":7}},"loc":{"start":{"line":24,"column":38},"end":{"line":33,"column":3}}},"3":{"name":"(anonymous_7)","decl":{"start":{"line":35,"column":2},"end":{"line":35,"column":7}},"loc":{"start":{"line":35,"column":38},"end":{"line":42,"column":3}}},"4":{"name":"(anonymous_8)","decl":{"start":{"line":44,"column":2},"end":{"line":44,"column":7}},"loc":{"start":{"line":44,"column":67},"end":{"line":55,"column":3}}},"5":{"name":"(anonymous_9)","decl":{"start":{"line":57,"column":2},"end":{"line":57,"column":7}},"loc":{"start":{"line":57,"column":37},"end":{"line":69,"column":3}}},"6":{"name":"(anonymous_10)","decl":{"start":{"line":71,"column":2},"end":{"line":71,"column":7}},"loc":{"start":{"line":71,"column":37},"end":{"line":84,"column":3}}}},"branchMap":{"0":{"loc":{"start":{"line":47,"column":6},"end":{"line":49,"column":7}},"type":"if","locations":[{"start":{"line":47,"column":6},"end":{"line":49,"column":7}}]},"1":{"loc":{"start":{"line":60,"column":6},"end":{"line":62,"column":7}},"type":"if","locations":[{"start":{"line":60,"column":6},"end":{"line":62,"column":7}}]}},"s":{"0":6,"1":6,"2":6,"3":6,"4":6,"5":6,"6":6,"7":6,"8":1,"9":1,"10":0,"11":1,"12":1,"13":0,"14":1,"15":1,"16":1,"17":0,"18":1,"19":1,"20":1,"21":0,"22":1,"23":1,"24":0,"25":1,"26":1,"27":1,"28":0,"29":1,"30":1,"31":1,"32":0,"33":0,"34":0,"35":0,"36":0,"37":6,"38":6},"f":{"0":6,"1":1,"2":1,"3":1,"4":1,"5":1,"6":0},"b":{"0":[0],"1":[0]}}
,"E:\\TRAE_Projects\\WebProjects\\Progra3\\TrabajoPractico\\MainApp\\AppMedicos\\back\\src\\user-type\\user-type.controller.ts": {"path":"E:\\TRAE_Projects\\WebProjects\\Progra3\\TrabajoPractico\\MainApp\\AppMedicos\\back\\src\\user-type\\user-type.controller.ts","statementMap":{"0":{"start":{"line":1,"column":0},"end":{"line":1,"column":94}},"1":{"start":{"line":2,"column":0},"end":{"line":2,"column":54}},"2":{"start":{"line":4,"column":0},"end":{"line":4,"column":61}},"3":{"start":{"line":5,"column":0},"end":{"line":5,"column":55}},"4":{"start":{"line":6,"column":0},"end":{"line":6,"column":54}},"5":{"start":{"line":11,"column":7},"end":{"line":38,"column":null}},"6":{"start":{"line":12,"column":31},"end":{"line":12,"column":48}},"7":{"start":{"line":16,"column":4},"end":{"line":16,"column":45}},"8":{"start":{"line":21,"column":4},"end":{"line":21,"column":42}},"9":{"start":{"line":26,"column":4},"end":{"line":26,"column":52}},"10":{"start":{"line":31,"column":4},"end":{"line":31,"column":57}},"11":{"start":{"line":36,"column":4},"end":{"line":36,"column":51}},"12":{"start":{"line":11,"column":13},"end":{"line":11,"column":31}},"13":{"start":{"line":15,"column":2},"end":{"line":17,"column":null}},"14":{"start":{"line":20,"column":2},"end":{"line":22,"column":null}},"15":{"start":{"line":25,"column":2},"end":{"line":27,"column":null}},"16":{"start":{"line":30,"column":2},"end":{"line":32,"column":null}},"17":{"start":{"line":35,"column":2},"end":{"line":37,"column":null}},"18":{"start":{"line":11,"column":13},"end":{"line":38,"column":null}}},"fnMap":{"0":{"name":"(anonymous_4)","decl":{"start":{"line":12,"column":2},"end":{"line":12,"column":31}},"loc":{"start":{"line":12,"column":63},"end":{"line":12,"column":67}}},"1":{"name":"(anonymous_5)","decl":{"start":{"line":15,"column":2},"end":{"line":15,"column":8}},"loc":{"start":{"line":15,"column":40},"end":{"line":17,"column":3}}},"2":{"name":"(anonymous_6)","decl":{"start":{"line":20,"column":2},"end":{"line":20,"column":9}},"loc":{"start":{"line":20,"column":9},"end":{"line":22,"column":3}}},"3":{"name":"(anonymous_7)","decl":{"start":{"line":25,"column":2},"end":{"line":25,"column":9}},"loc":{"start":{"line":25,"column":33},"end":{"line":27,"column":3}}},"4":{"name":"(anonymous_8)","decl":{"start":{"line":30,"column":2},"end":{"line":30,"column":8}},"loc":{"start":{"line":30,"column":65},"end":{"line":32,"column":3}}},"5":{"name":"(anonymous_9)","decl":{"start":{"line":35,"column":2},"end":{"line":35,"column":8}},"loc":{"start":{"line":35,"column":32},"end":{"line":37,"column":3}}}},"branchMap":{},"s":{"0":1,"1":1,"2":1,"3":1,"4":1,"5":1,"6":5,"7":1,"8":1,"9":1,"10":1,"11":1,"12":1,"13":1,"14":1,"15":1,"16":1,"17":1,"18":1},"f":{"0":5,"1":1,"2":1,"3":1,"4":1,"5":1},"b":{}}
,"E:\\TRAE_Projects\\WebProjects\\Progra3\\TrabajoPractico\\MainApp\\AppMedicos\\back\\src\\user-type\\user-type.service.ts": {"path":"E:\\TRAE_Projects\\WebProjects\\Progra3\\TrabajoPractico\\MainApp\\AppMedicos\\back\\src\\user-type\\user-type.service.ts","statementMap":{"0":{"start":{"line":1,"column":0},"end":{"line":1,"column":63}},"1":{"start":{"line":2,"column":0},"end":{"line":2,"column":51}},"2":{"start":{"line":3,"column":0},"end":{"line":3,"column":37}},"3":{"start":{"line":4,"column":0},"end":{"line":4,"column":54}},"4":{"start":{"line":7,"column":7},"end":{"line":38,"column":null}},"5":{"start":{"line":10,"column":21},"end":{"line":10,"column":41}},"6":{"start":{"line":14,"column":21},"end":{"line":14,"column":57}},"7":{"start":{"line":15,"column":4},"end":{"line":15,"column":50}},"8":{"start":{"line":19,"column":4},"end":{"line":19,"column":65}},"9":{"start":{"line":23,"column":21},"end":{"line":23,"column":77}},"10":{"start":{"line":24,"column":4},"end":{"line":24,"column":69}},"11":{"start":{"line":24,"column":19},"end":{"line":24,"column":69}},"12":{"start":{"line":25,"column":4},"end":{"line":25,"column":20}},"13":{"start":{"line":29,"column":4},"end":{"line":29,"column":51}},"14":{"start":{"line":30,"column":4},"end":{"line":30,"column":28}},"15":{"start":{"line":34,"column":19},"end":{"line":34,"column":59}},"16":{"start":{"line":35,"column":4},"end":{"line":35,"column":81}},"17":{"start":{"line":35,"column":31},"end":{"line":35,"column":81}},"18":{"start":{"line":36,"column":4},"end":{"line":36,"column":56}},"19":{"start":{"line":7,"column":13},"end":{"line":7,"column":28}},"20":{"start":{"line":7,"column":13},"end":{"line":38,"column":null}}},"fnMap":{"0":{"name":"(anonymous_4)","decl":{"start":{"line":8,"column":2},"end":{"line":8,"column":null}},"loc":{"start":{"line":10,"column":61},"end":{"line":11,"column":6}}},"1":{"name":"(anonymous_5)","decl":{"start":{"line":13,"column":2},"end":{"line":13,"column":7}},"loc":{"start":{"line":13,"column":38},"end":{"line":16,"column":3}}},"2":{"name":"(anonymous_6)","decl":{"start":{"line":18,"column":2},"end":{"line":18,"column":7}},"loc":{"start":{"line":18,"column":15},"end":{"line":20,"column":3}}},"3":{"name":"(anonymous_7)","decl":{"start":{"line":22,"column":2},"end":{"line":22,"column":7}},"loc":{"start":{"line":22,"column":26},"end":{"line":26,"column":3}}},"4":{"name":"(anonymous_8)","decl":{"start":{"line":28,"column":2},"end":{"line":28,"column":7}},"loc":{"start":{"line":28,"column":50},"end":{"line":31,"column":3}}},"5":{"name":"(anonymous_9)","decl":{"start":{"line":33,"column":2},"end":{"line":33,"column":7}},"loc":{"start":{"line":33,"column":25},"end":{"line":37,"column":3}}}},"branchMap":{"0":{"loc":{"start":{"line":24,"column":4},"end":{"line":24,"column":69}},"type":"if","locations":[{"start":{"line":24,"column":4},"end":{"line":24,"column":69}}]},"1":{"loc":{"start":{"line":35,"column":4},"end":{"line":35,"column":81}},"type":"if","locations":[{"start":{"line":35,"column":4},"end":{"line":35,"column":81}}]}},"s":{"0":2,"1":2,"2":2,"3":2,"4":2,"5":7,"6":1,"7":1,"8":1,"9":2,"10":2,"11":1,"12":1,"13":1,"14":1,"15":2,"16":2,"17":1,"18":1,"19":2,"20":2},"f":{"0":7,"1":1,"2":1,"3":2,"4":1,"5":2},"b":{"0":[1],"1":[1]}}
,"E:\\TRAE_Projects\\WebProjects\\Progra3\\TrabajoPractico\\MainApp\\AppMedicos\\back\\src\\users\\user.service.ts": {"path":"E:\\TRAE_Projects\\WebProjects\\Progra3\\TrabajoPractico\\MainApp\\AppMedicos\\back\\src\\users\\user.service.ts","statementMap":{"0":{"start":{"line":1,"column":0},"end":{"line":1,"column":63}},"1":{"start":{"line":2,"column":0},"end":{"line":2,"column":51}},"2":{"start":{"line":3,"column":0},"end":{"line":3,"column":37}},"3":{"start":{"line":4,"column":0},"end":{"line":4,"column":45}},"4":{"start":{"line":7,"column":0},"end":{"line":7,"column":60}},"5":{"start":{"line":8,"column":0},"end":{"line":8,"column":62}},"6":{"start":{"line":11,"column":7},"end":{"line":114,"column":null}},"7":{"start":{"line":13,"column":36},"end":{"line":13,"column":52}},"8":{"start":{"line":14,"column":12},"end":{"line":14,"column":27}},"9":{"start":{"line":15,"column":12},"end":{"line":15,"column":28}},"10":{"start":{"line":19,"column":4},"end":{"line":23,"column":5}},"11":{"start":{"line":20,"column":6},"end":{"line":20,"column":63}},"12":{"start":{"line":22,"column":6},"end":{"line":22,"column":68}},"13":{"start":{"line":27,"column":4},"end":{"line":31,"column":5}},"14":{"start":{"line":28,"column":6},"end":{"line":28,"column":60}},"15":{"start":{"line":30,"column":6},"end":{"line":30,"column":81}},"16":{"start":{"line":35,"column":4},"end":{"line":50,"column":5}},"17":{"start":{"line":36,"column":19},"end":{"line":36,"column":55}},"18":{"start":{"line":37,"column":24},"end":{"line":37,"column":60}},"19":{"start":{"line":38,"column":25},"end":{"line":38,"column":59}},"20":{"start":{"line":39,"column":6},"end":{"line":46,"column":7}},"21":{"start":{"line":41,"column":10},"end":{"line":41,"column":75}},"22":{"start":{"line":42,"column":10},"end":{"line":42,"column":16}},"23":{"start":{"line":44,"column":10},"end":{"line":44,"column":77}},"24":{"start":{"line":45,"column":10},"end":{"line":45,"column":16}},"25":{"start":{"line":47,"column":6},"end":{"line":47,"column":23}},"26":{"start":{"line":49,"column":6},"end":{"line":49,"column":65}},"27":{"start":{"line":54,"column":4},"end":{"line":65,"column":5}},"28":{"start":{"line":55,"column":19},"end":{"line":58,"column":8}},"29":{"start":{"line":59,"column":6},"end":{"line":62,"column":8}},"30":{"start":{"line":64,"column":6},"end":{"line":64,"column":98}},"31":{"start":{"line":69,"column":4},"end":{"line":76,"column":5}},"32":{"start":{"line":70,"column":19},"end":{"line":70,"column":71}},"33":{"start":{"line":71,"column":6},"end":{"line":71,"column":77}},"34":{"start":{"line":71,"column":17},"end":{"line":71,"column":77}},"35":{"start":{"line":72,"column":6},"end":{"line":72,"column":38}},"36":{"start":{"line":73,"column":6},"end":{"line":73,"column":44}},"37":{"start":{"line":75,"column":6},"end":{"line":75,"column":79}},"38":{"start":{"line":80,"column":4},"end":{"line":88,"column":5}},"39":{"start":{"line":81,"column":21},"end":{"line":81,"column":59}},"40":{"start":{"line":82,"column":6},"end":{"line":84,"column":7}},"41":{"start":{"line":83,"column":8},"end":{"line":83,"column":68}},"42":{"start":{"line":85,"column":6},"end":{"line":85,"column":53}},"43":{"start":{"line":87,"column":6},"end":{"line":87,"column":79}},"44":{"start":{"line":92,"column":4},"end":{"line":99,"column":5}},"45":{"start":{"line":93,"column":6},"end":{"line":96,"column":9}},"46":{"start":{"line":98,"column":6},"end":{"line":98,"column":81}},"47":{"start":{"line":103,"column":2},"end":{"line":111,"column":3}},"48":{"start":{"line":104,"column":18},"end":{"line":104,"column":71}},"49":{"start":{"line":105,"column":4},"end":{"line":107,"column":5}},"50":{"start":{"line":106,"column":6},"end":{"line":106,"column":88}},"51":{"start":{"line":108,"column":4},"end":{"line":108,"column":17}},"52":{"start":{"line":110,"column":4},"end":{"line":110,"column":80}},"53":{"start":{"line":11,"column":13},"end":{"line":11,"column":24}},"54":{"start":{"line":11,"column":13},"end":{"line":114,"column":null}}},"fnMap":{"0":{"name":"(anonymous_4)","decl":{"start":{"line":12,"column":2},"end":{"line":12,"column":null}},"loc":{"start":{"line":15,"column":42},"end":{"line":16,"column":6}}},"1":{"name":"(anonymous_5)","decl":{"start":{"line":18,"column":2},"end":{"line":18,"column":7}},"loc":{"start":{"line":18,"column":19},"end":{"line":24,"column":3}}},"2":{"name":"(anonymous_6)","decl":{"start":{"line":26,"column":2},"end":{"line":26,"column":7}},"loc":{"start":{"line":26,"column":30},"end":{"line":32,"column":3}}},"3":{"name":"(anonymous_7)","decl":{"start":{"line":34,"column":2},"end":{"line":34,"column":7}},"loc":{"start":{"line":34,"column":42},"end":{"line":51,"column":3}}},"4":{"name":"(anonymous_8)","decl":{"start":{"line":53,"column":2},"end":{"line":53,"column":7}},"loc":{"start":{"line":53,"column":37},"end":{"line":66,"column":3}}},"5":{"name":"(anonymous_9)","decl":{"start":{"line":68,"column":2},"end":{"line":68,"column":7}},"loc":{"start":{"line":68,"column":56},"end":{"line":77,"column":3}}},"6":{"name":"(anonymous_10)","decl":{"start":{"line":79,"column":2},"end":{"line":79,"column":7}},"loc":{"start":{"line":79,"column":29},"end":{"line":89,"column":3}}},"7":{"name":"(anonymous_11)","decl":{"start":{"line":91,"column":2},"end":{"line":91,"column":7}},"loc":{"start":{"line":91,"column":41},"end":{"line":100,"column":3}}},"8":{"name":"(anonymous_12)","decl":{"start":{"line":102,"column":0},"end":{"line":102,"column":5}},"loc":{"start":{"line":102,"column":36},"end":{"line":112,"column":1}}}},"branchMap":{"0":{"loc":{"start":{"line":38,"column":25},"end":{"line":38,"column":59}},"type":"binary-expr","locations":[{"start":{"line":38,"column":25},"end":{"line":38,"column":42}},{"start":{"line":38,"column":46},"end":{"line":38,"column":59}}]},"1":{"loc":{"start":{"line":39,"column":6},"end":{"line":46,"column":7}},"type":"switch","locations":[{"start":{"line":40,"column":8},"end":{"line":42,"column":16}},{"start":{"line":43,"column":8},"end":{"line":45,"column":16}}]},"2":{"loc":{"start":{"line":71,"column":6},"end":{"line":71,"column":77}},"type":"if","locations":[{"start":{"line":71,"column":6},"end":{"line":71,"column":77}}]},"3":{"loc":{"start":{"line":82,"column":6},"end":{"line":84,"column":7}},"type":"if","locations":[{"start":{"line":82,"column":6},"end":{"line":84,"column":7}}]},"4":{"loc":{"start":{"line":105,"column":4},"end":{"line":107,"column":5}},"type":"if","locations":[{"start":{"line":105,"column":4},"end":{"line":107,"column":5}}]},"5":{"loc":{"start":{"line":105,"column":8},"end":{"line":105,"column":36}},"type":"binary-expr","locations":[{"start":{"line":105,"column":8},"end":{"line":105,"column":14}},{"start":{"line":105,"column":18},"end":{"line":105,"column":36}}]}},"s":{"0":4,"1":4,"2":4,"3":4,"4":4,"5":4,"6":4,"7":9,"8":9,"9":9,"10":1,"11":1,"12":0,"13":1,"14":1,"15":0,"16":2,"17":2,"18":2,"19":2,"20":2,"21":1,"22":1,"23":1,"24":1,"25":2,"26":0,"27":1,"28":1,"29":1,"30":0,"31":1,"32":1,"33":1,"34":0,"35":1,"36":1,"37":0,"38":1,"39":1,"40":1,"41":0,"42":1,"43":0,"44":1,"45":1,"46":0,"47":0,"48":0,"49":0,"50":0,"51":0,"52":0,"53":4,"54":4},"f":{"0":9,"1":1,"2":1,"3":2,"4":1,"5":1,"6":1,"7":1,"8":0},"b":{"0":[2,0],"1":[1,1],"2":[0],"3":[0],"4":[0],"5":[0,0]}}
,"E:\\TRAE_Projects\\WebProjects\\Progra3\\TrabajoPractico\\MainApp\\AppMedicos\\back\\src\\users\\users.controller.ts": {"path":"E:\\TRAE_Projects\\WebProjects\\Progra3\\TrabajoPractico\\MainApp\\AppMedicos\\back\\src\\users\\users.controller.ts","statementMap":{"0":{"start":{"line":1,"column":0},"end":{"line":1,"column":null}},"1":{"start":{"line":12,"column":0},"end":{"line":12,"column":45}},"2":{"start":{"line":13,"column":0},"end":{"line":13,"column":61}},"3":{"start":{"line":14,"column":0},"end":{"line":14,"column":55}},"4":{"start":{"line":15,"column":0},"end":{"line":15,"column":54}},"5":{"start":{"line":19,"column":7},"end":{"line":64,"column":null}},"6":{"start":{"line":20,"column":31},"end":{"line":20,"column":44}},"7":{"start":{"line":24,"column":4},"end":{"line":24,"column":42}},"8":{"start":{"line":29,"column":4},"end":{"line":29,"column":44}},"9":{"start":{"line":39,"column":4},"end":{"line":39,"column":51}},"10":{"start":{"line":44,"column":4},"end":{"line":44,"column":50}},"11":{"start":{"line":53,"column":4},"end":{"line":53,"column":55}},"12":{"start":{"line":61,"column":4},"end":{"line":61,"column":43}},"13":{"start":{"line":19,"column":13},"end":{"line":19,"column":28}},"14":{"start":{"line":23,"column":8},"end":{"line":25,"column":null}},"15":{"start":{"line":28,"column":8},"end":{"line":30,"column":null}},"16":{"start":{"line":38,"column":8},"end":{"line":40,"column":null}},"17":{"start":{"line":43,"column":8},"end":{"line":45,"column":null}},"18":{"start":{"line":49,"column":8},"end":{"line":54,"column":null}},"19":{"start":{"line":58,"column":8},"end":{"line":62,"column":null}},"20":{"start":{"line":19,"column":13},"end":{"line":64,"column":null}}},"fnMap":{"0":{"name":"(anonymous_4)","decl":{"start":{"line":20,"column":2},"end":{"line":20,"column":31}},"loc":{"start":{"line":20,"column":55},"end":{"line":20,"column":59}}},"1":{"name":"(anonymous_5)","decl":{"start":{"line":23,"column":2},"end":{"line":23,"column":7}},"loc":{"start":{"line":23,"column":19},"end":{"line":25,"column":3}}},"2":{"name":"(anonymous_6)","decl":{"start":{"line":28,"column":2},"end":{"line":28,"column":7}},"loc":{"start":{"line":28,"column":57},"end":{"line":30,"column":3}}},"3":{"name":"(anonymous_7)","decl":{"start":{"line":38,"column":2},"end":{"line":38,"column":7}},"loc":{"start":{"line":38,"column":64},"end":{"line":40,"column":3}}},"4":{"name":"(anonymous_8)","decl":{"start":{"line":43,"column":2},"end":{"line":43,"column":7}},"loc":{"start":{"line":43,"column":50},"end":{"line":45,"column":3}}},"5":{"name":"(anonymous_9)","decl":{"start":{"line":49,"column":2},"end":{"line":49,"column":7}},"loc":{"start":{"line":51,"column":27},"end":{"line":54,"column":3}}},"6":{"name":"(anonymous_10)","decl":{"start":{"line":58,"column":2},"end":{"line":58,"column":7}},"loc":{"start":{"line":59,"column":41},"end":{"line":62,"column":3}}}},"branchMap":{},"s":{"0":1,"1":1,"2":1,"3":1,"4":1,"5":1,"6":5,"7":1,"8":1,"9":1,"10":0,"11":1,"12":1,"13":1,"14":1,"15":1,"16":1,"17":1,"18":1,"19":1,"20":1},"f":{"0":5,"1":1,"2":1,"3":1,"4":0,"5":1,"6":1},"b":{}}
}
