TN:
SF:src\app.controller.ts
FN:6,(anonymous_2)
FN:9,(anonymous_3)
FNF:2
FNH:2
FNDA:1,(anonymous_2)
FNDA:1,(anonymous_3)
DA:1,1
DA:2,1
DA:5,1
DA:6,1
DA:9,1
DA:10,1
LF:6
LH:6
BRF:0
BRH:0
end_of_record
TN:
SF:src\app.service.ts
FN:5,(anonymous_1)
FNF:1
FNH:1
FNDA:1,(anonymous_1)
DA:1,1
DA:4,1
DA:6,1
LF:3
LH:3
BRF:0
BRH:0
end_of_record
TN:
SF:src\appointment-statuses\appointment-status.controller.ts
FN:19,(anonymous_4)
FN:22,(anonymous_5)
FN:27,(anonymous_6)
FN:32,(anonymous_7)
FNF:4
FNH:4
FNDA:3,(anonymous_4)
FNDA:1,(anonymous_5)
FNDA:1,(anonymous_6)
FNDA:1,(anonymous_7)
DA:1,1
DA:10,1
DA:11,1
DA:12,1
DA:13,1
DA:18,1
DA:19,3
DA:22,1
DA:23,1
DA:27,1
DA:28,1
DA:32,1
DA:33,1
LF:13
LH:13
BRF:0
BRH:0
end_of_record
TN:
SF:src\appointment-statuses\appointment-status.service.ts
FN:8,(anonymous_4)
FN:13,(anonymous_5)
FN:17,(anonymous_6)
FN:21,(anonymous_7)
FNF:4
FNH:4
FNDA:4,(anonymous_4)
FNDA:1,(anonymous_5)
FNDA:2,(anonymous_6)
FNDA:1,(anonymous_7)
DA:1,2
DA:2,2
DA:3,2
DA:4,2
DA:7,2
DA:10,4
DA:14,1
DA:18,2
DA:22,1
DA:23,1
LF:10
LH:10
BRF:0
BRH:0
end_of_record
TN:
SF:src\appointments\appointments.controller.ts
FN:20,(anonymous_4)
FN:23,(anonymous_5)
FN:28,(anonymous_6)
FN:33,(anonymous_7)
FN:38,(anonymous_8)
FN:46,(anonymous_9)
FN:51,(anonymous_10)
FN:57,(anonymous_11)
FN:62,(anonymous_12)
FN:67,(anonymous_13)
FNF:10
FNH:8
FNDA:7,(anonymous_4)
FNDA:1,(anonymous_5)
FNDA:1,(anonymous_6)
FNDA:1,(anonymous_7)
FNDA:1,(anonymous_8)
FNDA:1,(anonymous_9)
FNDA:1,(anonymous_10)
FNDA:1,(anonymous_11)
FNDA:0,(anonymous_12)
FNDA:0,(anonymous_13)
DA:1,1
DA:12,1
DA:13,1
DA:14,1
DA:15,1
DA:19,1
DA:20,7
DA:23,1
DA:24,1
DA:28,1
DA:29,1
DA:33,1
DA:34,1
DA:38,1
DA:42,1
DA:46,1
DA:47,1
DA:51,1
DA:52,1
DA:57,1
DA:58,1
DA:62,1
DA:63,0
DA:67,1
DA:68,0
LF:25
LH:23
BRF:0
BRH:0
end_of_record
TN:
SF:src\appointments\appointments.service.ts
FN:11,(anonymous_4)
FN:19,(anonymous_5)
FN:35,(anonymous_6)
FN:54,(anonymous_7)
FN:76,(anonymous_8)
FN:85,(anonymous_9)
FN:105,(anonymous_10)
FN:125,(anonymous_11)
FN:138,(anonymous_12)
FN:159,(anonymous_13)
FNF:10
FNH:10
FNDA:10,(anonymous_4)
FNDA:1,(anonymous_5)
FNDA:1,(anonymous_6)
FNDA:1,(anonymous_7)
FNDA:1,(anonymous_8)
FNDA:1,(anonymous_9)
FNDA:1,(anonymous_10)
FNDA:1,(anonymous_11)
FNDA:1,(anonymous_12)
FNDA:2,(anonymous_13)
DA:1,2
DA:2,2
DA:3,2
DA:4,2
DA:6,2
DA:7,2
DA:8,2
DA:10,2
DA:13,10
DA:15,10
DA:16,10
DA:20,1
DA:21,1
DA:31,0
DA:36,1
DA:37,1
DA:45,1
DA:46,0
DA:48,1
DA:50,0
DA:55,1
DA:56,1
DA:58,1
DA:59,0
DA:63,1
DA:70,1
DA:72,0
DA:77,1
DA:78,1
DA:79,1
DA:81,0
DA:86,1
DA:87,1
DA:101,0
DA:106,1
DA:107,1
DA:121,0
DA:126,1
DA:127,1
DA:128,1
DA:129,0
DA:131,1
DA:132,1
DA:134,0
DA:139,1
DA:140,1
DA:153,1
DA:155,0
DA:160,2
DA:161,2
DA:162,2
DA:163,2
DA:164,2
DA:165,2
DA:167,2
DA:182,2
DA:184,0
LF:57
LH:45
BRDA:45,0,0,0
BRDA:58,1,0,0
BRDA:128,2,0,0
BRDA:161,3,0,0
BRDA:161,3,1,2
BRF:5
BRH:1
end_of_record
TN:
SF:src\auth\auth.controller.ts
FN:9,(anonymous_4)
FN:12,(anonymous_5)
FN:17,(anonymous_6)
FN:23,(anonymous_7)
FNF:4
FNH:4
FNDA:3,(anonymous_4)
FNDA:1,(anonymous_5)
FNDA:1,(anonymous_6)
FNDA:1,(anonymous_7)
DA:1,1
DA:2,1
DA:3,1
DA:4,1
DA:5,1
DA:8,1
DA:9,3
DA:12,1
DA:13,1
DA:17,1
DA:18,1
DA:23,1
DA:24,1
LF:13
LH:13
BRF:0
BRH:0
end_of_record
TN:
SF:src\auth\auth.service.ts
FN:15,(anonymous_4)
FN:21,(anonymous_5)
FN:23,(anonymous_6)
FN:56,(anonymous_7)
FNF:4
FNH:4
FNDA:6,(anonymous_4)
FNDA:3,(anonymous_5)
FNDA:1,(anonymous_6)
FNDA:3,(anonymous_7)
DA:1,2
DA:2,2
DA:3,2
DA:5,2
DA:7,2
DA:8,2
DA:9,2
DA:13,2
DA:16,6
DA:17,6
DA:18,6
DA:22,3
DA:23,3
DA:25,3
DA:26,1
DA:28,2
DA:30,2
DA:33,2
DA:34,1
DA:37,1
DA:43,1
DA:44,1
DA:57,3
DA:58,3
DA:59,1
DA:61,2
DA:62,2
DA:63,1
DA:65,1
DA:66,1
LF:30
LH:30
BRDA:25,0,0,1
BRDA:33,1,0,1
BRDA:58,2,0,1
BRDA:62,3,0,1
BRF:4
BRH:4
end_of_record
TN:
SF:src\auth\jwt.strategy.ts
FN:7,(anonymous_2)
FN:15,(anonymous_3)
FNF:2
FNH:0
FNDA:0,(anonymous_2)
FNDA:0,(anonymous_3)
DA:1,0
DA:2,0
DA:3,0
DA:6,0
DA:8,0
DA:16,0
LF:6
LH:0
BRF:0
BRH:0
end_of_record
TN:
SF:src\calendar\calendar.controller.ts
FN:9,(anonymous_4)
FN:12,(anonymous_5)
FN:17,(anonymous_6)
FN:22,(anonymous_7)
FN:27,(anonymous_8)
FNF:5
FNH:5
FNDA:4,(anonymous_4)
FNDA:1,(anonymous_5)
FNDA:1,(anonymous_6)
FNDA:1,(anonymous_7)
FNDA:1,(anonymous_8)
DA:1,1
DA:2,1
DA:4,1
DA:8,1
DA:9,4
DA:12,1
DA:13,1
DA:17,1
DA:18,1
DA:22,1
DA:23,1
DA:27,1
DA:28,1
LF:13
LH:13
BRF:0
BRH:0
end_of_record
TN:
SF:src\calendar\calendar.service.ts
FN:13,(anonymous_4)
FN:22,(anonymous_5)
FN:56,(anonymous_6)
FN:65,(anonymous_7)
FN:69,(anonymous_8)
FN:79,(anonymous_9)
FN:81,(anonymous_10)
FNF:7
FNH:7
FNDA:6,(anonymous_4)
FNDA:1,(anonymous_5)
FNDA:1840,(anonymous_6)
FNDA:1,(anonymous_7)
FNDA:2,(anonymous_8)
FNDA:2,(anonymous_9)
FNDA:2,(anonymous_10)
DA:3,4
DA:4,4
DA:5,4
DA:6,4
DA:7,4
DA:8,4
DA:9,4
DA:12,4
DA:15,6
DA:17,6
DA:19,6
DA:23,1
DA:24,1
DA:25,1
DA:27,1
DA:28,1
DA:29,1
DA:31,1
DA:33,1
DA:34,1
DA:38,92
DA:40,92
DA:41,92
DA:45,920
DA:46,1840
DA:47,1840
DA:49,1840
DA:50,1840
DA:56,1
DA:57,1840
DA:58,1840
DA:59,1840
DA:62,1
DA:66,1
DA:70,2
DA:80,2
DA:81,2
DA:83,2
DA:84,2
DA:86,1
DA:87,1
DA:88,1
DA:90,1
DA:94,1
DA:95,1
DA:99,0
DA:104,1
LF:47
LH:46
BRDA:38,0,0,0
BRDA:49,1,0,1840
BRDA:49,2,0,1840
BRDA:49,2,1,1840
BRDA:84,3,0,1
BRDA:88,4,0,1
BRDA:88,4,1,0
BRDA:94,5,0,1
BRDA:94,5,1,0
BRF:9
BRH:6
end_of_record
TN:
SF:src\doctors\doctors.controller.ts
FN:20,(anonymous_4)
FN:23,(anonymous_5)
FN:28,(anonymous_6)
FN:34,(anonymous_7)
FN:39,(anonymous_8)
FN:48,(anonymous_9)
FN:55,(anonymous_10)
FN:60,(anonymous_11)
FNF:8
FNH:6
FNDA:5,(anonymous_4)
FNDA:1,(anonymous_5)
FNDA:1,(anonymous_6)
FNDA:1,(anonymous_7)
FNDA:1,(anonymous_8)
FNDA:1,(anonymous_9)
FNDA:0,(anonymous_10)
FNDA:0,(anonymous_11)
DA:1,1
DA:12,1
DA:13,1
DA:14,1
DA:15,1
DA:19,1
DA:20,5
DA:23,1
DA:24,1
DA:28,1
DA:29,1
DA:34,1
DA:35,1
DA:39,1
DA:43,1
DA:48,1
DA:51,1
DA:55,1
DA:56,0
DA:60,1
DA:61,0
LF:21
LH:19
BRF:0
BRH:0
end_of_record
TN:
SF:src\doctors\doctors.service.ts
FN:9,(anonymous_4)
FN:16,(anonymous_5)
FN:24,(anonymous_6)
FN:35,(anonymous_7)
FN:44,(anonymous_8)
FN:55,(anonymous_9)
FN:68,(anonymous_10)
FN:79,(anonymous_11)
FNF:8
FNH:6
FNDA:6,(anonymous_4)
FNDA:1,(anonymous_5)
FNDA:1,(anonymous_6)
FNDA:1,(anonymous_7)
FNDA:1,(anonymous_8)
FNDA:1,(anonymous_9)
FNDA:0,(anonymous_10)
FNDA:0,(anonymous_11)
DA:1,6
DA:2,6
DA:3,6
DA:4,6
DA:5,6
DA:8,6
DA:11,6
DA:13,6
DA:17,1
DA:18,1
DA:20,0
DA:25,1
DA:26,1
DA:31,0
DA:36,1
DA:37,1
DA:38,1
DA:40,0
DA:45,1
DA:46,1
DA:47,1
DA:48,1
DA:49,1
DA:51,0
DA:56,1
DA:57,1
DA:58,1
DA:59,1
DA:60,0
DA:62,1
DA:64,0
DA:69,0
DA:70,0
DA:75,0
DA:80,0
DA:81,0
DA:86,0
LF:37
LH:25
BRDA:47,0,0,0
BRDA:59,1,0,0
BRF:2
BRH:0
end_of_record
TN:
SF:src\patients\patients.controller.ts
FN:20,(anonymous_4)
FN:23,(anonymous_5)
FN:28,(anonymous_6)
FN:33,(anonymous_7)
FN:38,(anonymous_8)
FN:48,(anonymous_9)
FN:53,(anonymous_10)
FNF:7
FNH:6
FNDA:5,(anonymous_4)
FNDA:1,(anonymous_5)
FNDA:1,(anonymous_6)
FNDA:1,(anonymous_7)
FNDA:1,(anonymous_8)
FNDA:1,(anonymous_9)
FNDA:0,(anonymous_10)
DA:1,1
DA:12,1
DA:13,1
DA:14,1
DA:15,1
DA:19,1
DA:20,5
DA:23,1
DA:24,1
DA:28,1
DA:29,1
DA:33,1
DA:34,1
DA:38,1
DA:42,1
DA:48,1
DA:49,1
DA:53,1
DA:54,0
LF:19
LH:18
BRF:0
BRH:0
end_of_record
TN:
SF:src\patients\patients.service.ts
FN:9,(anonymous_4)
FN:16,(anonymous_5)
FN:24,(anonymous_6)
FN:35,(anonymous_7)
FN:44,(anonymous_8)
FN:57,(anonymous_9)
FN:71,(anonymous_10)
FNF:7
FNH:6
FNDA:6,(anonymous_4)
FNDA:1,(anonymous_5)
FNDA:1,(anonymous_6)
FNDA:1,(anonymous_7)
FNDA:1,(anonymous_8)
FNDA:1,(anonymous_9)
FNDA:0,(anonymous_10)
DA:1,6
DA:2,6
DA:3,6
DA:4,6
DA:5,6
DA:8,6
DA:11,6
DA:13,6
DA:17,1
DA:18,1
DA:20,0
DA:25,1
DA:26,1
DA:31,0
DA:36,1
DA:37,1
DA:38,1
DA:40,0
DA:45,1
DA:46,1
DA:47,1
DA:48,0
DA:50,1
DA:51,1
DA:53,0
DA:58,1
DA:59,1
DA:60,1
DA:61,0
DA:63,1
DA:64,1
DA:65,1
DA:67,0
DA:72,0
DA:73,0
DA:80,0
DA:82,0
LF:37
LH:26
BRDA:47,0,0,0
BRDA:60,1,0,0
BRF:2
BRH:0
end_of_record
TN:
SF:src\user-type\user-type.controller.ts
FN:12,(anonymous_4)
FN:15,(anonymous_5)
FN:20,(anonymous_6)
FN:25,(anonymous_7)
FN:30,(anonymous_8)
FN:35,(anonymous_9)
FNF:6
FNH:6
FNDA:5,(anonymous_4)
FNDA:1,(anonymous_5)
FNDA:1,(anonymous_6)
FNDA:1,(anonymous_7)
FNDA:1,(anonymous_8)
FNDA:1,(anonymous_9)
DA:1,1
DA:2,1
DA:4,1
DA:5,1
DA:6,1
DA:11,1
DA:12,5
DA:15,1
DA:16,1
DA:20,1
DA:21,1
DA:25,1
DA:26,1
DA:30,1
DA:31,1
DA:35,1
DA:36,1
LF:17
LH:17
BRF:0
BRH:0
end_of_record
TN:
SF:src\user-type\user-type.service.ts
FN:8,(anonymous_4)
FN:13,(anonymous_5)
FN:18,(anonymous_6)
FN:22,(anonymous_7)
FN:28,(anonymous_8)
FN:33,(anonymous_9)
FNF:6
FNH:6
FNDA:7,(anonymous_4)
FNDA:1,(anonymous_5)
FNDA:1,(anonymous_6)
FNDA:2,(anonymous_7)
FNDA:1,(anonymous_8)
FNDA:2,(anonymous_9)
DA:1,2
DA:2,2
DA:3,2
DA:4,2
DA:7,2
DA:10,7
DA:14,1
DA:15,1
DA:19,1
DA:23,2
DA:24,2
DA:25,1
DA:29,1
DA:30,1
DA:34,2
DA:35,2
DA:36,1
LF:17
LH:17
BRDA:24,0,0,1
BRDA:35,1,0,1
BRF:2
BRH:2
end_of_record
TN:
SF:src\users\user.service.ts
FN:12,(anonymous_4)
FN:18,(anonymous_5)
FN:26,(anonymous_6)
FN:34,(anonymous_7)
FN:53,(anonymous_8)
FN:68,(anonymous_9)
FN:79,(anonymous_10)
FN:91,(anonymous_11)
FN:102,(anonymous_12)
FNF:9
FNH:8
FNDA:9,(anonymous_4)
FNDA:1,(anonymous_5)
FNDA:1,(anonymous_6)
FNDA:2,(anonymous_7)
FNDA:1,(anonymous_8)
FNDA:1,(anonymous_9)
FNDA:1,(anonymous_10)
FNDA:1,(anonymous_11)
FNDA:0,(anonymous_12)
DA:1,4
DA:2,4
DA:3,4
DA:4,4
DA:7,4
DA:8,4
DA:11,4
DA:13,9
DA:14,9
DA:15,9
DA:19,1
DA:20,1
DA:22,0
DA:27,1
DA:28,1
DA:30,0
DA:35,2
DA:36,2
DA:37,2
DA:38,2
DA:39,2
DA:41,1
DA:42,1
DA:44,1
DA:45,1
DA:47,2
DA:49,0
DA:54,1
DA:55,1
DA:59,1
DA:64,0
DA:69,1
DA:70,1
DA:71,1
DA:72,1
DA:73,1
DA:75,0
DA:80,1
DA:81,1
DA:82,1
DA:83,0
DA:85,1
DA:87,0
DA:92,1
DA:93,1
DA:98,0
DA:103,0
DA:104,0
DA:105,0
DA:106,0
DA:108,0
DA:110,0
LF:52
LH:38
BRDA:38,0,0,2
BRDA:38,0,1,0
BRDA:39,1,0,1
BRDA:39,1,1,1
BRDA:71,2,0,0
BRDA:82,3,0,0
BRDA:105,4,0,0
BRDA:105,5,0,0
BRDA:105,5,1,0
BRF:9
BRH:3
end_of_record
TN:
SF:src\users\users.controller.ts
FN:20,(anonymous_4)
FN:23,(anonymous_5)
FN:28,(anonymous_6)
FN:38,(anonymous_7)
FN:43,(anonymous_8)
FN:49,(anonymous_9)
FN:58,(anonymous_10)
FNF:7
FNH:6
FNDA:5,(anonymous_4)
FNDA:1,(anonymous_5)
FNDA:1,(anonymous_6)
FNDA:1,(anonymous_7)
FNDA:0,(anonymous_8)
FNDA:1,(anonymous_9)
FNDA:1,(anonymous_10)
DA:1,1
DA:12,1
DA:13,1
DA:14,1
DA:15,1
DA:19,1
DA:20,5
DA:23,1
DA:24,1
DA:28,1
DA:29,1
DA:38,1
DA:39,1
DA:43,1
DA:44,0
DA:49,1
DA:53,1
DA:58,1
DA:61,1
LF:19
LH:18
BRF:0
BRH:0
end_of_record
